Wed Mar 24 21:04:55 2004 :: Loading configuration settings from ../area/qmconfig.rc.
Wed Mar 24 21:04:55 2004 :: Set IP address to 0.0.0.0
Wed Mar 24 21:04:55 2004 :: Loaded 0 mobprogs.
Wed Mar 24 21:04:55 2004 :: Loaded 0 mobprogs.
Wed Mar 24 21:04:55 2004 :: Loaded 0 mobprogs.
Wed Mar 24 21:04:55 2004 :: Loaded 0 mobprogs.
Wed Mar 24 21:04:55 2004 :: Loaded 0 mobprogs.
Wed Mar 24 21:04:55 2004 :: Loaded 0 mobprogs.
Wed Mar 24 21:04:55 2004 :: Loaded 0 mobprogs.
Wed Mar 24 21:04:55 2004 :: Loaded 0 mobprogs.
Wed Mar 24 21:04:55 2004 :: Loaded 0 mobprogs.
Wed Mar 24 21:04:55 2004 :: Loaded 0 mobprogs.
Wed Mar 24 21:04:55 2004 :: Loaded 0 mobprogs.
Wed Mar 24 21:04:55 2004 :: Loaded 0 mobprogs.
Wed Mar 24 21:04:55 2004 :: Loaded 0 mobprogs.
Wed Mar 24 21:04:55 2004 :: Loaded 0 mobprogs.
Wed Mar 24 21:04:55 2004 :: Loaded 0 mobprogs.
Wed Mar 24 21:04:55 2004 :: Loaded 0 mobprogs.
Wed Mar 24 21:04:55 2004 :: Loaded 0 mobprogs.
Wed Mar 24 21:04:55 2004 :: Loaded 0 mobprogs.
Wed Mar 24 21:04:55 2004 :: Loaded 0 mobprogs.
Wed Mar 24 21:04:55 2004 :: Loaded 0 mobprogs.
Wed Mar 24 21:04:55 2004 :: Loaded 0 mobprogs.
Wed Mar 24 21:04:55 2004 :: Loaded 0 mobprogs.
Wed Mar 24 21:04:55 2004 :: Loaded 0 mobprogs.
Wed Mar 24 21:04:55 2004 :: Loaded 0 mobprogs.
Wed Mar 24 21:04:55 2004 :: Loaded 0 mobprogs.
Wed Mar 24 21:04:55 2004 :: Loaded 0 mobprogs.
Wed Mar 24 21:04:55 2004 :: Loaded 0 mobprogs.
Wed Mar 24 21:04:55 2004 :: Loaded 0 mobprogs.
Wed Mar 24 21:04:55 2004 :: Loaded 0 mobprogs.
Wed Mar 24 21:04:55 2004 :: Loaded 0 mobprogs.
Wed Mar 24 21:04:55 2004 :: Loaded 0 mobprogs.
Wed Mar 24 21:04:55 2004 :: Loaded 0 mobprogs.
Wed Mar 24 21:04:55 2004 :: Loaded 0 mobprogs.
Wed Mar 24 21:04:55 2004 :: Loaded 0 mobprogs.
Wed Mar 24 21:04:55 2004 :: Loaded 0 mobprogs.
Wed Mar 24 21:04:55 2004 :: Loaded 0 mobprogs.
Wed Mar 24 21:04:55 2004 :: Loaded 0 mobprogs.
Wed Mar 24 21:04:55 2004 :: Loaded 0 mobprogs.
Wed Mar 24 21:04:55 2004 :: Loaded 0 mobprogs.
Wed Mar 24 21:04:55 2004 :: Loaded 0 mobprogs.
Wed Mar 24 21:04:55 2004 :: Loaded 0 mobprogs.
Wed Mar 24 21:04:55 2004 :: Loaded 0 mobprogs.
Wed Mar 24 21:04:55 2004 :: Loaded 0 mobprogs.
Wed Mar 24 21:04:55 2004 :: Loaded 0 mobprogs.
Wed Mar 24 21:04:55 2004 :: Loaded 0 mobprogs.
Wed Mar 24 21:04:55 2004 :: Loaded 0 mobprogs.
Wed Mar 24 21:04:55 2004 :: Loaded 0 mobprogs.
Wed Mar 24 21:04:55 2004 :: Loaded 0 mobprogs.
Wed Mar 24 21:04:55 2004 :: Loaded 0 mobprogs.
Wed Mar 24 21:04:55 2004 :: Loaded 0 mobprogs.
Wed Mar 24 21:04:55 2004 :: Loaded 0 mobprogs.
Wed Mar 24 21:04:55 2004 :: [*****] BUG: Fix_exits: 2:4 -> 3001:5 -> 3399.
Wed Mar 24 21:04:55 2004 :: [*****] BUG: Fix_exits: 1150:4 -> 3001:5 -> 3399.
Wed Mar 24 21:04:55 2004 :: [*****] BUG: Fix_exits: 10525:1 -> 10535:3 -> 10534.
Wed Mar 24 21:04:55 2004 :: [*****] BUG: Fix_exits: 3458:2 -> 3472:0 -> 10401.
Wed Mar 24 21:04:55 2004 :: [*****] BUG: Fix_exits: 1483:4 -> 3001:5 -> 3399.
Wed Mar 24 21:04:55 2004 :: [*****] BUG: Fix_exits: 8705:4 -> 8706:5 -> 8708.
Wed Mar 24 21:04:55 2004 :: [*****] BUG: Fix_exits: 8717:2 -> 8719:0 -> 8718.
Wed Mar 24 21:04:55 2004 :: [*****] BUG: Fix_exits: 3760:4 -> 3001:5 -> 3399.
Wed Mar 24 21:04:55 2004 :: Check Levels:
Wed Mar 24 21:04:55 2004 ::   Object: (VNUM  9217)(Level  7) an elemental rod of earthquake
Wed Mar 24 21:04:55 2004 ::      Mob: (VNUM  9217)(Level  3) a small rock
Wed Mar 24 21:04:55 2004 :: Check Levels:
Wed Mar 24 21:04:55 2004 ::   Object: (VNUM  9218)(Level 27) elemental wand of wind and air
Wed Mar 24 21:04:55 2004 ::      Mob: (VNUM  9234)(Level 13) an alchemist
Wed Mar 24 21:04:55 2004 :: Check Levels:
Wed Mar 24 21:04:55 2004 ::   Object: (VNUM  9216)(Level 25) an ice staff
Wed Mar 24 21:04:55 2004 ::      Mob: (VNUM  9214)(Level  8) a puddle
Wed Mar 24 21:04:55 2004 :: Check Levels:
Wed Mar 24 21:04:55 2004 ::   Object: (VNUM  9227)(Level 28) an icicle
Wed Mar 24 21:04:55 2004 ::      Mob: (VNUM  9228)(Level 24) the Ice Bandit
Wed Mar 24 21:04:55 2004 :: Check Levels:
Wed Mar 24 21:04:55 2004 ::   Object: (VNUM  9215)(Level 16) elemental wand of fire
Wed Mar 24 21:04:55 2004 ::      Mob: (VNUM  9215)(Level  4) a flame
Wed Mar 24 21:04:55 2004 :: Check Levels:
Wed Mar 24 21:04:55 2004 ::   Object: (VNUM  9215)(Level 16) elemental wand of fire
Wed Mar 24 21:04:55 2004 ::      Mob: (VNUM  9215)(Level  4) a flame
Wed Mar 24 21:04:55 2004 :: Check Levels:
Wed Mar 24 21:04:55 2004 ::   Object: (VNUM  9218)(Level 27) elemental wand of wind and air
Wed Mar 24 21:04:55 2004 ::      Mob: (VNUM  9218)(Level  4) a small spark
Wed Mar 24 21:04:55 2004 :: Check Levels:
Wed Mar 24 21:04:55 2004 ::   Object: (VNUM  9218)(Level 27) elemental wand of wind and air
Wed Mar 24 21:04:55 2004 ::      Mob: (VNUM  9225)(Level  2) an eddie
Wed Mar 24 21:04:55 2004 :: Check Levels:
Wed Mar 24 21:04:55 2004 ::   Object: (VNUM  9216)(Level 25) an ice staff
Wed Mar 24 21:04:55 2004 ::      Mob: (VNUM  9235)(Level 16) a baby rainbow dragon
Wed Mar 24 21:04:55 2004 :: Check Levels:
Wed Mar 24 21:04:55 2004 ::   Object: (VNUM  8010)(Level  5) a wet noodle
Wed Mar 24 21:04:55 2004 ::      Mob: (VNUM  8002)(Level 17) a Futsie
Wed Mar 24 21:04:55 2004 :: ROM is ready to rock on port 7001 (0.0.0.0).
Wed Mar 24 21:09:48 2004 :: Sock.sinaddr:  192.168.1.1
Wed Mar 24 21:10:40 2004 :: Loading Frostfyre.
Wed Mar 24 21:10:41 2004 :: Frostfyre@192.168.1.1 has connected.
Wed Mar 24 21:14:13 2004 :: Sock.sinaddr:  192.168.1.1
Wed Mar 24 21:26:38 2004 :: Log Frostfyre: award
Wed Mar 24 21:32:40 2004 :: Log Frostfyre: award frostfyre 100 qp
Wed Mar 24 21:40:47 2004 :: Sock.sinaddr:  192.168.1.1
Wed Mar 24 21:40:49 2004 :: Loading Scarlett.
Wed Mar 24 21:40:50 2004 :: Scarlett@192.168.1.1 has connected.
Wed Mar 24 21:40:54 2004 :: Log Frostfyre: award 
Wed Mar 24 21:41:04 2004 :: Log Frostfyre: award scarlett exp 50000
Wed Mar 24 21:41:21 2004 :: Log Frostfyre: award scarlett 50000 exp
Wed Mar 24 21:41:26 2004 :: Log Frostfyre: award scarlett 1000 exp
Wed Mar 24 21:41:26 2004 :: Scarlett gained level 5!
Wed Mar 24 21:41:27 2004 :: Log Frostfyre: award scarlett 1000 exp
Wed Mar 24 21:41:27 2004 :: Scarlett gained level 6!
Wed Mar 24 21:41:27 2004 :: Log Frostfyre: award scarlett 1000 exp
Wed Mar 24 21:41:27 2004 :: Scarlett gained level 7!
Wed Mar 24 21:41:28 2004 :: Log Frostfyre: award scarlett 1000 exp
Wed Mar 24 21:41:28 2004 :: Scarlett gained level 8!
Wed Mar 24 21:41:28 2004 :: Log Frostfyre: award scarlett 1000 exp
Wed Mar 24 21:41:28 2004 :: Scarlett gained level 9!
Wed Mar 24 21:41:28 2004 :: Log Frostfyre: award scarlett 1000 exp
Wed Mar 24 21:41:28 2004 :: Scarlett gained level 10!
Wed Mar 24 21:41:29 2004 :: Log Frostfyre: award scarlett 1000 exp
Wed Mar 24 21:41:29 2004 :: Scarlett gained level 11!
Wed Mar 24 21:41:29 2004 :: Log Frostfyre: award scarlett 1000 exp
Wed Mar 24 21:41:29 2004 :: Scarlett gained level 12!
Wed Mar 24 21:41:30 2004 :: Log Frostfyre: award scarlett 1000 exp
Wed Mar 24 21:41:30 2004 :: Scarlett gained level 13!
Wed Mar 24 21:41:30 2004 :: Log Frostfyre: award scarlett 1000 exp
Wed Mar 24 21:41:30 2004 :: Scarlett gained level 14!
Wed Mar 24 21:41:30 2004 :: Log Frostfyre: award scarlett 1000 exp
Wed Mar 24 21:41:30 2004 :: Scarlett gained level 15!
Wed Mar 24 21:41:31 2004 :: Log Frostfyre: award scarlett 1000 exp
Wed Mar 24 21:41:31 2004 :: Scarlett gained level 16!
Wed Mar 24 21:41:31 2004 :: Log Frostfyre: award scarlett 1000 exp
Wed Mar 24 21:41:31 2004 :: Scarlett gained level 17!
Wed Mar 24 21:41:31 2004 :: Log Frostfyre: award scarlett 1000 exp
Wed Mar 24 21:41:31 2004 :: Scarlett gained level 18!
Wed Mar 24 21:41:32 2004 :: Log Frostfyre: award scarlett 1000 exp
Wed Mar 24 21:41:32 2004 :: Scarlett gained level 19!
Wed Mar 24 21:41:32 2004 :: Log Frostfyre: award scarlett 1000 exp
Wed Mar 24 21:41:32 2004 :: Scarlett gained level 20!
Wed Mar 24 21:41:33 2004 :: Log Frostfyre: award scarlett 1000 exp
Wed Mar 24 21:41:33 2004 :: Scarlett gained level 21!
Wed Mar 24 21:41:36 2004 :: Log Frostfyre: award scarlett 1000 exp
Wed Mar 24 21:41:36 2004 :: Scarlett gained level 22!
Wed Mar 24 21:41:36 2004 :: Log Frostfyre: award scarlett 1000 exp
Wed Mar 24 21:41:36 2004 :: Scarlett gained level 23!
Wed Mar 24 21:41:37 2004 :: Log Frostfyre: award scarlett 1000 exp
Wed Mar 24 21:41:37 2004 :: Scarlett gained level 24!
Wed Mar 24 21:41:37 2004 :: Log Frostfyre: award scarlett 1000 exp
Wed Mar 24 21:41:37 2004 :: Scarlett gained level 25!
Wed Mar 24 21:41:37 2004 :: Log Frostfyre: award scarlett 1000 exp
Wed Mar 24 21:41:37 2004 :: Scarlett gained level 26!
Wed Mar 24 21:41:38 2004 :: Log Frostfyre: award scarlett 1000 exp
Wed Mar 24 21:41:38 2004 :: Scarlett gained level 27!
Wed Mar 24 21:41:38 2004 :: Log Frostfyre: award scarlett 1000 exp
Wed Mar 24 21:41:38 2004 :: Scarlett gained level 28!
Wed Mar 24 21:41:38 2004 :: Log Frostfyre: award scarlett 1000 exp
Wed Mar 24 21:41:38 2004 :: Scarlett gained level 29!
Wed Mar 24 21:41:39 2004 :: 192.168.1.1 input spamming!
Wed Mar 24 21:41:39 2004 :: Log Frostfyre: award scarlett 1000 exp
Wed Mar 24 21:41:39 2004 :: Scarlett gained level 30!
Wed Mar 24 21:41:41 2004 :: Scarlett has fled from KeggerMUD.
Wed Mar 24 21:59:07 2004 :: Check Levels:
Wed Mar 24 21:59:07 2004 ::   Object: (VNUM  8010)(Level  5) a wet noodle
Wed Mar 24 21:59:07 2004 ::      Mob: (VNUM  8002)(Level 17) a Futsie
Wed Mar 24 22:03:07 2004 :: Check Levels:
Wed Mar 24 22:03:07 2004 ::   Object: (VNUM  9217)(Level  7) an elemental rod of earthquake
Wed Mar 24 22:03:07 2004 ::      Mob: (VNUM  9217)(Level  3) a small rock
Wed Mar 24 22:03:07 2004 :: Check Levels:
Wed Mar 24 22:03:07 2004 ::   Object: (VNUM  9218)(Level 27) elemental wand of wind and air
Wed Mar 24 22:03:07 2004 ::      Mob: (VNUM  9234)(Level 13) an alchemist
Wed Mar 24 22:03:07 2004 :: Check Levels:
Wed Mar 24 22:03:07 2004 ::   Object: (VNUM  9216)(Level 25) an ice staff
Wed Mar 24 22:03:07 2004 ::      Mob: (VNUM  9214)(Level  8) a puddle
Wed Mar 24 22:03:07 2004 :: Check Levels:
Wed Mar 24 22:03:07 2004 ::   Object: (VNUM  9215)(Level 16) elemental wand of fire
Wed Mar 24 22:03:07 2004 ::      Mob: (VNUM  9215)(Level  4) a flame
Wed Mar 24 22:03:07 2004 :: Check Levels:
Wed Mar 24 22:03:07 2004 ::   Object: (VNUM  9215)(Level 16) elemental wand of fire
Wed Mar 24 22:03:07 2004 ::      Mob: (VNUM  9215)(Level  4) a flame
Wed Mar 24 22:03:07 2004 :: Check Levels:
Wed Mar 24 22:03:07 2004 ::   Object: (VNUM  9218)(Level 27) elemental wand of wind and air
Wed Mar 24 22:03:07 2004 ::      Mob: (VNUM  9218)(Level  4) a small spark
Wed Mar 24 22:03:07 2004 :: Check Levels:
Wed Mar 24 22:03:07 2004 ::   Object: (VNUM  9218)(Level 27) elemental wand of wind and air
Wed Mar 24 22:03:07 2004 ::      Mob: (VNUM  9225)(Level  2) an eddie
Wed Mar 24 22:59:07 2004 :: Check Levels:
Wed Mar 24 22:59:07 2004 ::   Object: (VNUM  9218)(Level 27) elemental wand of wind and air
Wed Mar 24 22:59:07 2004 ::      Mob: (VNUM  9234)(Level 13) an alchemist
Wed Mar 24 22:59:07 2004 :: Check Levels:
Wed Mar 24 22:59:07 2004 ::   Object: (VNUM  9215)(Level 16) elemental wand of fire
Wed Mar 24 22:59:07 2004 ::      Mob: (VNUM  9215)(Level  4) a flame
Wed Mar 24 23:44:43 2004 :: Frostfyre has fled from KeggerMUD.
Thu Mar 25 00:00:06 2004 :: Sock.sinaddr:  192.168.1.1
Thu Mar 25 00:00:08 2004 :: Loading Frostfyre.
Thu Mar 25 00:00:09 2004 :: Frostfyre@192.168.1.1 has connected.
Thu Mar 25 03:48:59 2004 :: Sock.sinaddr:  204.209.44.14
Thu Mar 25 03:49:07 2004 :: EOF encountered on read.
Thu Mar 25 03:49:27 2004 :: Sock.sinaddr:  204.209.44.14
Thu Mar 25 03:49:35 2004 :: EOF encountered on read.
Thu Mar 25 03:50:26 2004 :: Sock.sinaddr:  67.168.107.78
Read_from_descriptor: Connection reset by peer
Thu Mar 25 03:50:57 2004 :: Closing link to Carmex.
Thu Mar 25 07:13:11 2004 :: Sock.sinaddr:  67.51.204.47
Thu Mar 25 07:13:21 2004 :: Sock.sinaddr:  67.51.204.47
Thu Mar 25 07:14:04 2004 :: Mordakai@67.51.204.47 new player.
Thu Mar 25 07:18:09 2004 :: EOF encountered on read.
Thu Mar 25 07:18:09 2004 :: Closing link to Mordakai.
Thu Mar 25 07:49:12 2004 :: Mordakai has fled from KeggerMUD.
Thu Mar 25 08:08:28 2004 :: Sock.sinaddr:  204.209.44.14
Thu Mar 25 08:08:28 2004 :: EOF encountered on read.
Thu Mar 25 13:25:11 2004 :: Sock.sinaddr:  192.168.1.1
Thu Mar 25 13:25:14 2004 :: Loading Frostfyre.
Thu Mar 25 13:25:16 2004 :: Closing link to Frostfyre.
Thu Mar 25 13:25:16 2004 :: Frostfyre@192.168.1.1 reconnected.
Read_from_descriptor: Connection reset by peer
Thu Mar 25 14:00:20 2004 :: Closing link to Frostfyre.
Thu Mar 25 14:03:28 2004 :: Sock.sinaddr:  192.168.1.1
Thu Mar 25 14:03:39 2004 :: Loading Frostfyre.
Thu Mar 25 14:03:40 2004 :: Frostfyre@192.168.1.1 reconnected.
Thu Mar 25 15:20:09 2004 :: Log Frostfyre: purge
Thu Mar 25 15:20:28 2004 :: Log Frostfyre: purge
Thu Mar 25 15:20:51 2004 :: Log Frostfyre: set char frostfyre gold 10000
Thu Mar 25 16:29:06 2004 :: Sock.sinaddr:  24.209.117.197
Thu Mar 25 16:29:21 2004 :: Slayn@CPE-24-209-117-197.wi.rr.com new player.
Thu Mar 25 16:32:26 2004 :: Slayn gained level 2!
Thu Mar 25 16:33:17 2004 :: Slayn gained level 3!
Thu Mar 25 16:33:59 2004 :: Slayn killed by the diploma beast at 3721
Thu Mar 25 16:36:48 2004 :: EOF encountered on read.
Thu Mar 25 16:36:48 2004 :: Closing link to Slayn.
Thu Mar 25 16:41:17 2004 :: Slayn killed by Slayn at 3001
Thu Mar 25 17:08:17 2004 :: Slayn has fled from KeggerMUD.
Thu Mar 25 17:28:36 2004 :: Sock.sinaddr:  64.222.130.200
Thu Mar 25 17:28:53 2004 :: Loading Leigh.
Thu Mar 25 17:28:54 2004 :: Closing link to Leigh.
Thu Mar 25 17:28:56 2004 :: Sock.sinaddr:  64.222.130.200
Thu Mar 25 17:29:01 2004 :: Loading Leigh.
Thu Mar 25 17:29:09 2004 :: Leigh@pool-64-222-130-200.man.east.verizon.net has connected.
Thu Mar 25 17:34:34 2004 :: Log Frostfyre: inform Leigh is a goddess.
Thu Mar 25 17:34:50 2004 :: Log Leigh: inform sure
Thu Mar 25 17:39:38 2004 :: Log Frostfyre: inform *wave* goodnight:)
Thu Mar 25 17:40:16 2004 :: Log Leigh: inform *wave*
Thu Mar 25 18:42:12 2004 :: Sock.sinaddr:  204.209.44.14
Thu Mar 25 18:42:17 2004 :: Sock.sinaddr:  68.145.154.220
Thu Mar 25 18:42:21 2004 :: EOF encountered on read.
Thu Mar 25 18:42:38 2004 :: Feral@h68-145-154-220.cg.shawcable.net new player.
Thu Mar 25 18:49:20 2004 :: EOF encountered on read.
Thu Mar 25 18:49:20 2004 :: Closing link to Feral.
Thu Mar 25 19:21:17 2004 :: Feral has fled from KeggerMUD.
Thu Mar 25 20:31:13 2004 :: Log Leigh: inform i'm drunk
Thu Mar 25 20:31:26 2004 :: Log Leigh: inform red stripe beer isnt half bad
Thu Mar 25 23:10:34 2004 :: Sock.sinaddr:  64.222.130.200
Thu Mar 25 23:10:37 2004 :: Loading Leigh.
Thu Mar 25 23:10:43 2004 :: Closing link to Leigh.
Thu Mar 25 23:10:43 2004 :: Leigh@pool-64-222-130-200.man.east.verizon.net reconnected.
Thu Mar 25 23:10:57 2004 :: Log Leigh: inform im very very very drunk
Thu Mar 25 23:11:55 2004 :: Log Leigh: inform not fun
Thu Mar 25 23:12:09 2004 :: Log Leigh: inform i drunk you not playing :P
Thu Mar 25 23:45:45 2004 :: Log Leigh: inform blah
Thu Mar 25 23:45:57 2004 :: Log Leigh: inform i drunk you sleep you suck
Thu Mar 25 23:46:05 2004 :: Log Leigh: inform :P
Fri Mar 26 00:18:25 2004 :: Log Leigh: inform i'm gonna bie you tomorrow
Fri Mar 26 00:18:36 2004 :: Log Leigh: inform bite
Fri Mar 26 00:18:44 2004 :: Log Leigh: inform :p
Fri Mar 26 01:31:23 2004 :: Log Leigh: inform you dont love me :p
Fri Mar 26 01:35:16 2004 :: Sock.sinaddr:  200.163.8.126
Fri Mar 26 01:36:07 2004 :: Mona@200-163-008-126.bsace705.dsl.brasiltelecom.net.br new player.
Fri Mar 26 01:39:08 2004 :: Mona has fled from KeggerMUD.
Fri Mar 26 04:58:17 2004 :: Sock.sinaddr:  138.130.235.250
Read_from_descriptor: Connection reset by peer
Fri Mar 26 05:10:21 2004 :: Log Frostfyre: inform you drunk:)
Fri Mar 26 05:16:07 2004 :: Sock.sinaddr:  138.130.235.250
Fri Mar 26 05:16:14 2004 :: Loading Zaen.
Fri Mar 26 05:16:16 2004 :: Zaen@CPE-138-130-235-250.qld.bigpond.net.au has connected.
Fri Mar 26 05:17:54 2004 :: Zaen has fled from KeggerMUD.
Fri Mar 26 05:34:41 2004 :: [*****] BUG: Damage: 1225: more than 1200 points!
Fri Mar 26 05:37:40 2004 :: Log Frostfyre: copyover
Fri Mar 26 05:37:41 2004 :: Loading configuration settings from ../area/qmconfig.rc.
Fri Mar 26 05:37:41 2004 :: Loaded 0 mobprogs.
Fri Mar 26 05:37:41 2004 :: Loaded 0 mobprogs.
Fri Mar 26 05:37:41 2004 :: Loaded 0 mobprogs.
Fri Mar 26 05:37:41 2004 :: Loaded 0 mobprogs.
Fri Mar 26 05:37:41 2004 :: Loaded 0 mobprogs.
Fri Mar 26 05:37:41 2004 :: Loaded 0 mobprogs.
Fri Mar 26 05:37:41 2004 :: Loaded 0 mobprogs.
Fri Mar 26 05:37:41 2004 :: Loaded 0 mobprogs.
Fri Mar 26 05:37:41 2004 :: Loaded 0 mobprogs.
Fri Mar 26 05:37:41 2004 :: Loaded 0 mobprogs.
Fri Mar 26 05:37:41 2004 :: Loaded 0 mobprogs.
Fri Mar 26 05:37:41 2004 :: Loaded 0 mobprogs.
Fri Mar 26 05:37:41 2004 :: Loaded 0 mobprogs.
Fri Mar 26 05:37:41 2004 :: Loaded 0 mobprogs.
Fri Mar 26 05:37:41 2004 :: Loaded 0 mobprogs.
Fri Mar 26 05:37:41 2004 :: Loaded 0 mobprogs.
Fri Mar 26 05:37:41 2004 :: Loaded 0 mobprogs.
Fri Mar 26 05:37:41 2004 :: Loaded 0 mobprogs.
Fri Mar 26 05:37:41 2004 :: Loaded 0 mobprogs.
Fri Mar 26 05:37:41 2004 :: Loaded 0 mobprogs.
Fri Mar 26 05:37:41 2004 :: Loaded 0 mobprogs.
Fri Mar 26 05:37:41 2004 :: Loaded 0 mobprogs.
Fri Mar 26 05:37:41 2004 :: Loaded 0 mobprogs.
Fri Mar 26 05:37:41 2004 :: Loaded 0 mobprogs.
Fri Mar 26 05:37:41 2004 :: Loaded 0 mobprogs.
Fri Mar 26 05:37:41 2004 :: Loaded 0 mobprogs.
Fri Mar 26 05:37:41 2004 :: Loaded 0 mobprogs.
Fri Mar 26 05:37:41 2004 :: Loaded 0 mobprogs.
Fri Mar 26 05:37:41 2004 :: Loaded 0 mobprogs.
Fri Mar 26 05:37:41 2004 :: Loaded 0 mobprogs.
Fri Mar 26 05:37:41 2004 :: Loaded 0 mobprogs.
Fri Mar 26 05:37:41 2004 :: Loaded 0 mobprogs.
Fri Mar 26 05:37:41 2004 :: Loaded 0 mobprogs.
Fri Mar 26 05:37:41 2004 :: Loaded 0 mobprogs.
Fri Mar 26 05:37:41 2004 :: Loaded 0 mobprogs.
Fri Mar 26 05:37:41 2004 :: Loaded 0 mobprogs.
Fri Mar 26 05:37:41 2004 :: Loaded 0 mobprogs.
Fri Mar 26 05:37:41 2004 :: Loaded 0 mobprogs.
Fri Mar 26 05:37:41 2004 :: Loaded 0 mobprogs.
Fri Mar 26 05:37:41 2004 :: Loaded 0 mobprogs.
Fri Mar 26 05:37:41 2004 :: Loaded 0 mobprogs.
Fri Mar 26 05:37:41 2004 :: Loaded 0 mobprogs.
Fri Mar 26 05:37:41 2004 :: Loaded 0 mobprogs.
Fri Mar 26 05:37:41 2004 :: Loaded 0 mobprogs.
Fri Mar 26 05:37:41 2004 :: Loaded 0 mobprogs.
Fri Mar 26 05:37:41 2004 :: Loaded 0 mobprogs.
Fri Mar 26 05:37:41 2004 :: Loaded 0 mobprogs.
Fri Mar 26 05:37:41 2004 :: Loaded 0 mobprogs.
Fri Mar 26 05:37:41 2004 :: Loaded 0 mobprogs.
Fri Mar 26 05:37:41 2004 :: Loaded 0 mobprogs.
Fri Mar 26 05:37:41 2004 :: Loaded 0 mobprogs.
Fri Mar 26 05:37:41 2004 :: [*****] BUG: Fix_exits: 2:4 -> 3001:5 -> 3399.
Fri Mar 26 05:37:41 2004 :: [*****] BUG: Fix_exits: 1150:4 -> 3001:5 -> 3399.
Fri Mar 26 05:37:41 2004 :: [*****] BUG: Fix_exits: 10525:1 -> 10535:3 -> 10534.
Fri Mar 26 05:37:41 2004 :: [*****] BUG: Fix_exits: 3458:2 -> 3472:0 -> 10401.
Fri Mar 26 05:37:41 2004 :: [*****] BUG: Fix_exits: 1483:4 -> 3001:5 -> 3399.
Fri Mar 26 05:37:41 2004 :: [*****] BUG: Fix_exits: 8705:4 -> 8706:5 -> 8708.
Fri Mar 26 05:37:41 2004 :: [*****] BUG: Fix_exits: 8717:2 -> 8719:0 -> 8718.
Fri Mar 26 05:37:41 2004 :: [*****] BUG: Fix_exits: 3760:4 -> 3001:5 -> 3399.
Fri Mar 26 05:37:41 2004 :: Check Levels:
Fri Mar 26 05:37:41 2004 ::   Object: (VNUM  9217)(Level  7) an elemental rod of earthquake
Fri Mar 26 05:37:41 2004 ::      Mob: (VNUM  9217)(Level  3) a small rock
Fri Mar 26 05:37:41 2004 :: Check Levels:
Fri Mar 26 05:37:41 2004 ::   Object: (VNUM  9218)(Level 27) elemental wand of wind and air
Fri Mar 26 05:37:41 2004 ::      Mob: (VNUM  9234)(Level 13) an alchemist
Fri Mar 26 05:37:41 2004 :: Check Levels:
Fri Mar 26 05:37:41 2004 ::   Object: (VNUM  9216)(Level 25) an ice staff
Fri Mar 26 05:37:41 2004 ::      Mob: (VNUM  9214)(Level  8) a puddle
Fri Mar 26 05:37:41 2004 :: Check Levels:
Fri Mar 26 05:37:41 2004 ::   Object: (VNUM  9227)(Level 28) an icicle
Fri Mar 26 05:37:41 2004 ::      Mob: (VNUM  9228)(Level 24) the Ice Bandit
Fri Mar 26 05:37:41 2004 :: Check Levels:
Fri Mar 26 05:37:41 2004 ::   Object: (VNUM  9215)(Level 16) elemental wand of fire
Fri Mar 26 05:37:41 2004 ::      Mob: (VNUM  9215)(Level  4) a flame
Fri Mar 26 05:37:41 2004 :: Check Levels:
Fri Mar 26 05:37:41 2004 ::   Object: (VNUM  9215)(Level 16) elemental wand of fire
Fri Mar 26 05:37:41 2004 ::      Mob: (VNUM  9215)(Level  4) a flame
Fri Mar 26 05:37:41 2004 :: Check Levels:
Fri Mar 26 05:37:41 2004 ::   Object: (VNUM  9218)(Level 27) elemental wand of wind and air
Fri Mar 26 05:37:41 2004 ::      Mob: (VNUM  9218)(Level  4) a small spark
Fri Mar 26 05:37:41 2004 :: Check Levels:
Fri Mar 26 05:37:41 2004 ::   Object: (VNUM  9218)(Level 27) elemental wand of wind and air
Fri Mar 26 05:37:41 2004 ::      Mob: (VNUM  9225)(Level  2) an eddie
Fri Mar 26 05:37:41 2004 :: Check Levels:
Fri Mar 26 05:37:41 2004 ::   Object: (VNUM  9216)(Level 25) an ice staff
Fri Mar 26 05:37:41 2004 ::      Mob: (VNUM  9235)(Level 16) a baby rainbow dragon
Fri Mar 26 05:37:41 2004 :: Check Levels:
Fri Mar 26 05:37:41 2004 ::   Object: (VNUM  8010)(Level  5) a wet noodle
Fri Mar 26 05:37:41 2004 ::      Mob: (VNUM  8002)(Level 17) a Futsie
Fri Mar 26 05:37:41 2004 :: ROM is ready to rock on port 7001 (0.0.0.0).
Fri Mar 26 05:37:41 2004 :: Copyover recovery initiated
Fri Mar 26 05:37:41 2004 :: Loading Leigh.
Fri Mar 26 05:37:41 2004 :: Loading Frostfyre.
Fri Mar 26 05:38:34 2004 :: Log Frostfyre: set char frostfyre gold 10000
Fri Mar 26 06:33:41 2004 :: Check Levels:
Fri Mar 26 06:33:41 2004 ::   Object: (VNUM  8010)(Level  5) a wet noodle
Fri Mar 26 06:33:41 2004 ::      Mob: (VNUM  8002)(Level 17) a Futsie
Fri Mar 26 06:37:41 2004 :: Check Levels:
Fri Mar 26 06:37:41 2004 ::   Object: (VNUM  9217)(Level  7) an elemental rod of earthquake
Fri Mar 26 06:37:41 2004 ::      Mob: (VNUM  9217)(Level  3) a small rock
Fri Mar 26 06:37:41 2004 :: Check Levels:
Fri Mar 26 06:37:41 2004 ::   Object: (VNUM  9218)(Level 27) elemental wand of wind and air
Fri Mar 26 06:37:41 2004 ::      Mob: (VNUM  9234)(Level 13) an alchemist
Fri Mar 26 06:37:41 2004 :: Check Levels:
Fri Mar 26 06:37:41 2004 ::   Object: (VNUM  9216)(Level 25) an ice staff
Fri Mar 26 06:37:41 2004 ::      Mob: (VNUM  9214)(Level  8) a puddle
Fri Mar 26 06:37:41 2004 :: Check Levels:
Fri Mar 26 06:37:41 2004 ::   Object: (VNUM  9215)(Level 16) elemental wand of fire
Fri Mar 26 06:37:41 2004 ::      Mob: (VNUM  9215)(Level  4) a flame
Fri Mar 26 06:37:41 2004 :: Check Levels:
Fri Mar 26 06:37:41 2004 ::   Object: (VNUM  9215)(Level 16) elemental wand of fire
Fri Mar 26 06:37:41 2004 ::      Mob: (VNUM  9215)(Level  4) a flame
Fri Mar 26 06:37:41 2004 :: Check Levels:
Fri Mar 26 06:37:41 2004 ::   Object: (VNUM  9218)(Level 27) elemental wand of wind and air
Fri Mar 26 06:37:41 2004 ::      Mob: (VNUM  9218)(Level  4) a small spark
Fri Mar 26 06:37:41 2004 :: Check Levels:
Fri Mar 26 06:37:41 2004 ::   Object: (VNUM  9218)(Level 27) elemental wand of wind and air
Fri Mar 26 06:37:41 2004 ::      Mob: (VNUM  9225)(Level  2) an eddie
Fri Mar 26 07:33:41 2004 :: Check Levels:
Fri Mar 26 07:33:41 2004 ::   Object: (VNUM  9218)(Level 27) elemental wand of wind and air
Fri Mar 26 07:33:41 2004 ::      Mob: (VNUM  9234)(Level 13) an alchemist
Fri Mar 26 07:33:41 2004 :: Check Levels:
Fri Mar 26 07:33:41 2004 ::   Object: (VNUM  9215)(Level 16) elemental wand of fire
Fri Mar 26 07:33:41 2004 ::      Mob: (VNUM  9215)(Level  4) a flame
Fri Mar 26 08:09:42 2004 :: Sock.sinaddr:  204.209.44.14
Fri Mar 26 08:09:42 2004 :: EOF encountered on read.
Fri Mar 26 08:23:31 2004 :: Sock.sinaddr:  12.17.142.228
Fri Mar 26 08:23:34 2004 :: Sock.sinaddr:  24.237.94.1
Fri Mar 26 08:24:01 2004 :: Devok@rdbck-3774.palmer.mtaonline.net new player.
Read_from_descriptor: Connection reset by peer
Fri Mar 26 08:24:02 2004 :: Closing link to Frostfyre.
Fri Mar 26 08:24:05 2004 :: Sikkar@1-94-237-24.gci.net new player.
Read_from_descriptor: Connection reset by peer
Fri Mar 26 08:27:04 2004 :: Closing link to Devok.
Fri Mar 26 08:27:09 2004 :: Sock.sinaddr:  12.17.142.228
Fri Mar 26 08:27:12 2004 :: Sikkar has fled from KeggerMUD.
Fri Mar 26 08:27:26 2004 :: Devok@rdbck-3774.palmer.mtaonline.net new player.
Fri Mar 26 08:28:18 2004 :: Devok has fled from KeggerMUD.
Read_from_descriptor: Connection timed out
Fri Mar 26 08:41:52 2004 :: Closing link to Leigh.
Fri Mar 26 12:50:37 2004 :: Sock.sinaddr:  64.222.130.200
Fri Mar 26 12:50:42 2004 :: Loading Leigh.
Fri Mar 26 12:50:45 2004 :: Leigh@pool-64-222-130-200.man.east.verizon.net reconnected.
Fri Mar 26 12:56:22 2004 :: Log Leigh: inform red stripe beer is evil
Fri Mar 26 13:44:27 2004 :: Sock.sinaddr:  192.168.1.1
Fri Mar 26 13:44:30 2004 :: Loading Frostfyre.
Fri Mar 26 13:44:32 2004 :: Frostfyre@192.168.1.1 reconnected.
Fri Mar 26 16:21:45 2004 :: Log Frostfyre: load obj 18006
Fri Mar 26 16:21:59 2004 :: Log Frostfyre: load obj 18006
Fri Mar 26 17:08:41 2004 :: Sock.sinaddr:  209.132.171.68
Fri Mar 26 17:08:49 2004 :: Loading Abazan.
Fri Mar 26 17:08:52 2004 :: Abazan@5a-59.ccrtc.com has connected.
Fri Mar 26 17:16:20 2004 :: Log Frostfyre: load obj 3001
Fri Mar 26 17:16:21 2004 :: Log Frostfyre: load obj 3001
Fri Mar 26 17:16:21 2004 :: Log Frostfyre: load obj 3001
Fri Mar 26 17:16:52 2004 :: Log Frostfyre: load obj 3135
Fri Mar 26 17:24:05 2004 :: Abazan has fled from KeggerMUD.
Fri Mar 26 17:24:24 2004 :: Sock.sinaddr:  209.132.171.68
Fri Mar 26 17:24:32 2004 :: Loading Abazan.
Fri Mar 26 17:24:34 2004 :: Abazan@5a-59.ccrtc.com has connected.
Fri Mar 26 17:48:06 2004 :: Log Abazan: purge
Fri Mar 26 17:48:23 2004 :: Log Abazan: slay hassan
Fri Mar 26 17:49:37 2004 :: Abazan has fled from KeggerMUD.
Fri Mar 26 18:07:16 2004 :: Sock.sinaddr:  209.132.171.99
Fri Mar 26 18:07:25 2004 :: Loading Abazan.
Fri Mar 26 18:07:27 2004 :: Abazan@5a-90.ccrtc.com has connected.
Fri Mar 26 18:12:20 2004 :: Log Leigh: slay k
Fri Mar 26 18:20:27 2004 :: Log Leigh: slay ad
Fri Mar 26 18:31:18 2004 :: Log Frostfyre: slay ab
Fri Mar 26 18:31:26 2004 :: Log Frostfyre: transfer aba
Fri Mar 26 18:43:14 2004 :: Log Frostfyre: snoop aba
Fri Mar 26 18:43:23 2004 :: Log Frostfyre: force aba done
Fri Mar 26 18:43:30 2004 :: Log Frostfyre: force aba reset
Fri Mar 26 18:43:36 2004 :: Log Frostfyre: force aba edit obj 3005
Fri Mar 26 18:43:50 2004 :: Log Frostfyre: force aba ed edit scim
Fri Mar 26 18:44:03 2004 :: Log Frostfyre: force aba ed
Fri Mar 26 18:44:08 2004 :: Log Frostfyre: force aba ex
Fri Mar 26 18:44:26 2004 :: Log Frostfyre: force aba ed
Fri Mar 26 18:44:35 2004 :: Log Frostfyre: force aba ed edit
Fri Mar 26 18:45:24 2004 :: Log Frostfyre: advance aba 419
Fri Mar 26 18:45:29 2004 :: Log Frostfyre: force aba ed
Fri Mar 26 18:45:58 2004 :: Log Frostfyre: force aba done
Fri Mar 26 18:46:13 2004 :: Log Frostfyre: force aba edit obj 3005
Fri Mar 26 18:46:17 2004 :: Log Frostfyre: force aba ed
Fri Mar 26 18:46:36 2004 :: Log Frostfyre: advance aba 418
Fri Mar 26 18:46:44 2004 :: Log Frostfyre: snoop self
Fri Mar 26 18:46:54 2004 :: Log Frostfyre: snoop aba
Fri Mar 26 18:46:57 2004 :: Log Frostfyre: force aba ed
Fri Mar 26 18:47:17 2004 :: Log Frostfyre: advance aba 420
Fri Mar 26 18:47:22 2004 :: Log Frostfyre: force aba ed
Fri Mar 26 18:47:35 2004 :: Log Frostfyre: advance aba 418
Fri Mar 26 18:47:42 2004 :: Log Frostfyre: purge
Fri Mar 26 18:48:00 2004 :: Log Frostfyre: copyover
Fri Mar 26 18:48:00 2004 :: Loading configuration settings from ../area/qmconfig.rc.
Fri Mar 26 18:48:00 2004 :: Loaded 0 mobprogs.
Fri Mar 26 18:48:00 2004 :: Loaded 0 mobprogs.
Fri Mar 26 18:48:00 2004 :: Loaded 0 mobprogs.
Fri Mar 26 18:48:00 2004 :: Loaded 0 mobprogs.
Fri Mar 26 18:48:00 2004 :: Loaded 0 mobprogs.
Fri Mar 26 18:48:00 2004 :: Loaded 0 mobprogs.
Fri Mar 26 18:48:00 2004 :: Loaded 0 mobprogs.
Fri Mar 26 18:48:00 2004 :: Loaded 0 mobprogs.
Fri Mar 26 18:48:00 2004 :: Loaded 0 mobprogs.
Fri Mar 26 18:48:00 2004 :: Loaded 0 mobprogs.
Fri Mar 26 18:48:00 2004 :: Loaded 0 mobprogs.
Fri Mar 26 18:48:00 2004 :: Loaded 0 mobprogs.
Fri Mar 26 18:48:00 2004 :: Loaded 0 mobprogs.
Fri Mar 26 18:48:00 2004 :: Loaded 0 mobprogs.
Fri Mar 26 18:48:00 2004 :: Loaded 0 mobprogs.
Fri Mar 26 18:48:00 2004 :: Loaded 0 mobprogs.
Fri Mar 26 18:48:00 2004 :: Loaded 0 mobprogs.
Fri Mar 26 18:48:00 2004 :: Loaded 0 mobprogs.
Fri Mar 26 18:48:00 2004 :: Loaded 0 mobprogs.
Fri Mar 26 18:48:00 2004 :: Loaded 0 mobprogs.
Fri Mar 26 18:48:00 2004 :: Loaded 0 mobprogs.
Fri Mar 26 18:48:00 2004 :: Loaded 0 mobprogs.
Fri Mar 26 18:48:00 2004 :: Loaded 0 mobprogs.
Fri Mar 26 18:48:00 2004 :: Loaded 0 mobprogs.
Fri Mar 26 18:48:00 2004 :: Loaded 0 mobprogs.
Fri Mar 26 18:48:00 2004 :: Loaded 0 mobprogs.
Fri Mar 26 18:48:00 2004 :: Loaded 0 mobprogs.
Fri Mar 26 18:48:00 2004 :: Loaded 0 mobprogs.
Fri Mar 26 18:48:00 2004 :: Loaded 0 mobprogs.
Fri Mar 26 18:48:00 2004 :: Loaded 0 mobprogs.
Fri Mar 26 18:48:00 2004 :: Loaded 0 mobprogs.
Fri Mar 26 18:48:00 2004 :: Loaded 0 mobprogs.
Fri Mar 26 18:48:00 2004 :: Loaded 0 mobprogs.
Fri Mar 26 18:48:00 2004 :: Loaded 0 mobprogs.
Fri Mar 26 18:48:00 2004 :: Loaded 0 mobprogs.
Fri Mar 26 18:48:00 2004 :: Loaded 0 mobprogs.
Fri Mar 26 18:48:00 2004 :: Loaded 0 mobprogs.
Fri Mar 26 18:48:00 2004 :: Loaded 0 mobprogs.
Fri Mar 26 18:48:00 2004 :: Loaded 0 mobprogs.
Fri Mar 26 18:48:00 2004 :: Loaded 0 mobprogs.
Fri Mar 26 18:48:00 2004 :: Loaded 0 mobprogs.
Fri Mar 26 18:48:00 2004 :: Loaded 0 mobprogs.
Fri Mar 26 18:48:00 2004 :: Loaded 0 mobprogs.
Fri Mar 26 18:48:00 2004 :: Loaded 0 mobprogs.
Fri Mar 26 18:48:00 2004 :: Loaded 0 mobprogs.
Fri Mar 26 18:48:00 2004 :: Loaded 0 mobprogs.
Fri Mar 26 18:48:00 2004 :: Loaded 0 mobprogs.
Fri Mar 26 18:48:00 2004 :: Loaded 0 mobprogs.
Fri Mar 26 18:48:00 2004 :: Loaded 0 mobprogs.
Fri Mar 26 18:48:00 2004 :: Loaded 0 mobprogs.
Fri Mar 26 18:48:00 2004 :: Loaded 0 mobprogs.
Fri Mar 26 18:48:00 2004 :: [*****] BUG: Fix_exits: 2:4 -> 3001:5 -> 3399.
Fri Mar 26 18:48:00 2004 :: [*****] BUG: Fix_exits: 1150:4 -> 3001:5 -> 3399.
Fri Mar 26 18:48:00 2004 :: [*****] BUG: Fix_exits: 10525:1 -> 10535:3 -> 10534.
Fri Mar 26 18:48:00 2004 :: [*****] BUG: Fix_exits: 3458:2 -> 3472:0 -> 10401.
Fri Mar 26 18:48:00 2004 :: [*****] BUG: Fix_exits: 1483:4 -> 3001:5 -> 3399.
Fri Mar 26 18:48:00 2004 :: [*****] BUG: Fix_exits: 8705:4 -> 8706:5 -> 8708.
Fri Mar 26 18:48:00 2004 :: [*****] BUG: Fix_exits: 8717:2 -> 8719:0 -> 8718.
Fri Mar 26 18:48:00 2004 :: [*****] BUG: Fix_exits: 3760:4 -> 3001:5 -> 3399.
Fri Mar 26 18:48:00 2004 :: Check Levels:
Fri Mar 26 18:48:00 2004 ::   Object: (VNUM  9217)(Level  7) an elemental rod of earthquake
Fri Mar 26 18:48:00 2004 ::      Mob: (VNUM  9217)(Level  3) a small rock
Fri Mar 26 18:48:00 2004 :: Check Levels:
Fri Mar 26 18:48:00 2004 ::   Object: (VNUM  9218)(Level 27) elemental wand of wind and air
Fri Mar 26 18:48:00 2004 ::      Mob: (VNUM  9234)(Level 13) an alchemist
Fri Mar 26 18:48:00 2004 :: Check Levels:
Fri Mar 26 18:48:00 2004 ::   Object: (VNUM  9216)(Level 25) an ice staff
Fri Mar 26 18:48:00 2004 ::      Mob: (VNUM  9214)(Level  8) a puddle
Fri Mar 26 18:48:00 2004 :: Check Levels:
Fri Mar 26 18:48:00 2004 ::   Object: (VNUM  9227)(Level 28) an icicle
Fri Mar 26 18:48:00 2004 ::      Mob: (VNUM  9228)(Level 24) the Ice Bandit
Fri Mar 26 18:48:00 2004 :: Check Levels:
Fri Mar 26 18:48:00 2004 ::   Object: (VNUM  9215)(Level 16) elemental wand of fire
Fri Mar 26 18:48:00 2004 ::      Mob: (VNUM  9215)(Level  4) a flame
Fri Mar 26 18:48:00 2004 :: Check Levels:
Fri Mar 26 18:48:00 2004 ::   Object: (VNUM  9215)(Level 16) elemental wand of fire
Fri Mar 26 18:48:00 2004 ::      Mob: (VNUM  9215)(Level  4) a flame
Fri Mar 26 18:48:00 2004 :: Check Levels:
Fri Mar 26 18:48:00 2004 ::   Object: (VNUM  9218)(Level 27) elemental wand of wind and air
Fri Mar 26 18:48:00 2004 ::      Mob: (VNUM  9218)(Level  4) a small spark
Fri Mar 26 18:48:00 2004 :: Check Levels:
Fri Mar 26 18:48:00 2004 ::   Object: (VNUM  9218)(Level 27) elemental wand of wind and air
Fri Mar 26 18:48:00 2004 ::      Mob: (VNUM  9225)(Level  2) an eddie
Fri Mar 26 18:48:00 2004 :: Check Levels:
Fri Mar 26 18:48:00 2004 ::   Object: (VNUM  9216)(Level 25) an ice staff
Fri Mar 26 18:48:00 2004 ::      Mob: (VNUM  9235)(Level 16) a baby rainbow dragon
Fri Mar 26 18:48:00 2004 :: Check Levels:
Fri Mar 26 18:48:00 2004 ::   Object: (VNUM  8010)(Level  5) a wet noodle
Fri Mar 26 18:48:00 2004 ::      Mob: (VNUM  8002)(Level 17) a Futsie
Fri Mar 26 18:48:00 2004 :: ROM is ready to rock on port 7001 (0.0.0.0).
Fri Mar 26 18:48:00 2004 :: Copyover recovery initiated
Fri Mar 26 18:48:00 2004 :: Loading Abazan.
Fri Mar 26 18:48:00 2004 :: Loading Frostfyre.
Fri Mar 26 18:48:00 2004 :: Loading Leigh.
Fri Mar 26 18:48:40 2004 :: Log Frostfyre: slay ken
Fri Mar 26 18:53:00 2004 :: Log Frostfyre: snoop aba
Fri Mar 26 18:53:04 2004 :: Log Frostfyre: force ava asav echnaged
Fri Mar 26 18:53:12 2004 :: Log Frostfyre: force aba asave changed
Fri Mar 26 18:53:18 2004 :: Log Frostfyre: force aba copyover
Fri Mar 26 18:53:25 2004 :: Log Frostfyre: snoop self
Fri Mar 26 18:54:18 2004 :: Log Frostfyre: snoop leigh
Fri Mar 26 18:54:27 2004 :: Log Frostfyre: snoop self
Fri Mar 26 19:01:57 2004 :: Log Frostfyre: copyover
Fri Mar 26 19:01:57 2004 :: Loading configuration settings from ../area/qmconfig.rc.
Fri Mar 26 19:01:57 2004 :: Loaded 0 mobprogs.
Fri Mar 26 19:01:57 2004 :: Loaded 0 mobprogs.
Fri Mar 26 19:01:57 2004 :: Loaded 0 mobprogs.
Fri Mar 26 19:01:57 2004 :: Loaded 0 mobprogs.
Fri Mar 26 19:01:57 2004 :: Loaded 0 mobprogs.
Fri Mar 26 19:01:57 2004 :: Loaded 0 mobprogs.
Fri Mar 26 19:01:57 2004 :: Loaded 0 mobprogs.
Fri Mar 26 19:01:57 2004 :: Loaded 0 mobprogs.
Fri Mar 26 19:01:57 2004 :: Loaded 0 mobprogs.
Fri Mar 26 19:01:57 2004 :: Loaded 0 mobprogs.
Fri Mar 26 19:01:57 2004 :: Loaded 0 mobprogs.
Fri Mar 26 19:01:57 2004 :: Loaded 0 mobprogs.
Fri Mar 26 19:01:57 2004 :: Loaded 0 mobprogs.
Fri Mar 26 19:01:57 2004 :: Loaded 0 mobprogs.
Fri Mar 26 19:01:57 2004 :: Loaded 0 mobprogs.
Fri Mar 26 19:01:57 2004 :: Loaded 0 mobprogs.
Fri Mar 26 19:01:57 2004 :: Loaded 0 mobprogs.
Fri Mar 26 19:01:57 2004 :: Loaded 0 mobprogs.
Fri Mar 26 19:01:57 2004 :: Loaded 0 mobprogs.
Fri Mar 26 19:01:57 2004 :: Loaded 0 mobprogs.
Fri Mar 26 19:01:57 2004 :: Loaded 0 mobprogs.
Fri Mar 26 19:01:57 2004 :: Loaded 0 mobprogs.
Fri Mar 26 19:01:57 2004 :: Loaded 0 mobprogs.
Fri Mar 26 19:01:57 2004 :: Loaded 0 mobprogs.
Fri Mar 26 19:01:57 2004 :: Loaded 0 mobprogs.
Fri Mar 26 19:01:57 2004 :: Loaded 0 mobprogs.
Fri Mar 26 19:01:57 2004 :: Loaded 0 mobprogs.
Fri Mar 26 19:01:57 2004 :: Loaded 0 mobprogs.
Fri Mar 26 19:01:57 2004 :: Loaded 0 mobprogs.
Fri Mar 26 19:01:57 2004 :: Loaded 0 mobprogs.
Fri Mar 26 19:01:57 2004 :: Loaded 0 mobprogs.
Fri Mar 26 19:01:57 2004 :: Loaded 0 mobprogs.
Fri Mar 26 19:01:57 2004 :: Loaded 0 mobprogs.
Fri Mar 26 19:01:57 2004 :: Loaded 0 mobprogs.
Fri Mar 26 19:01:57 2004 :: Loaded 0 mobprogs.
Fri Mar 26 19:01:57 2004 :: Loaded 0 mobprogs.
Fri Mar 26 19:01:57 2004 :: Loaded 0 mobprogs.
Fri Mar 26 19:01:57 2004 :: Loaded 0 mobprogs.
Fri Mar 26 19:01:57 2004 :: Loaded 0 mobprogs.
Fri Mar 26 19:01:57 2004 :: Loaded 0 mobprogs.
Fri Mar 26 19:01:57 2004 :: Loaded 0 mobprogs.
Fri Mar 26 19:01:57 2004 :: Loaded 0 mobprogs.
Fri Mar 26 19:01:57 2004 :: Loaded 0 mobprogs.
Fri Mar 26 19:01:57 2004 :: Loaded 0 mobprogs.
Fri Mar 26 19:01:57 2004 :: Loaded 0 mobprogs.
Fri Mar 26 19:01:57 2004 :: Loaded 0 mobprogs.
Fri Mar 26 19:01:57 2004 :: Loaded 0 mobprogs.
Fri Mar 26 19:01:57 2004 :: Loaded 0 mobprogs.
Fri Mar 26 19:01:57 2004 :: Loaded 0 mobprogs.
Fri Mar 26 19:01:57 2004 :: Loaded 0 mobprogs.
Fri Mar 26 19:01:57 2004 :: Loaded 0 mobprogs.
Fri Mar 26 19:01:57 2004 :: [*****] BUG: Fix_exits: 2:4 -> 3001:5 -> 3399.
Fri Mar 26 19:01:57 2004 :: [*****] BUG: Fix_exits: 1150:4 -> 3001:5 -> 3399.
Fri Mar 26 19:01:57 2004 :: [*****] BUG: Fix_exits: 10525:1 -> 10535:3 -> 10534.
Fri Mar 26 19:01:57 2004 :: [*****] BUG: Fix_exits: 3458:2 -> 3472:0 -> 10401.
Fri Mar 26 19:01:57 2004 :: [*****] BUG: Fix_exits: 1483:4 -> 3001:5 -> 3399.
Fri Mar 26 19:01:57 2004 :: [*****] BUG: Fix_exits: 8705:4 -> 8706:5 -> 8708.
Fri Mar 26 19:01:57 2004 :: [*****] BUG: Fix_exits: 8717:2 -> 8719:0 -> 8718.
Fri Mar 26 19:01:57 2004 :: [*****] BUG: Fix_exits: 3760:4 -> 3001:5 -> 3399.
Fri Mar 26 19:01:57 2004 :: Check Levels:
Fri Mar 26 19:01:57 2004 ::   Object: (VNUM  9217)(Level  7) an elemental rod of earthquake
Fri Mar 26 19:01:57 2004 ::      Mob: (VNUM  9217)(Level  3) a small rock
Fri Mar 26 19:01:57 2004 :: Check Levels:
Fri Mar 26 19:01:57 2004 ::   Object: (VNUM  9218)(Level 27) elemental wand of wind and air
Fri Mar 26 19:01:57 2004 ::      Mob: (VNUM  9234)(Level 13) an alchemist
Fri Mar 26 19:01:57 2004 :: Check Levels:
Fri Mar 26 19:01:57 2004 ::   Object: (VNUM  9216)(Level 25) an ice staff
Fri Mar 26 19:01:57 2004 ::      Mob: (VNUM  9214)(Level  8) a puddle
Fri Mar 26 19:01:57 2004 :: Check Levels:
Fri Mar 26 19:01:57 2004 ::   Object: (VNUM  9227)(Level 28) an icicle
Fri Mar 26 19:01:57 2004 ::      Mob: (VNUM  9228)(Level 24) the Ice Bandit
Fri Mar 26 19:01:57 2004 :: Check Levels:
Fri Mar 26 19:01:57 2004 ::   Object: (VNUM  9215)(Level 16) elemental wand of fire
Fri Mar 26 19:01:57 2004 ::      Mob: (VNUM  9215)(Level  4) a flame
Fri Mar 26 19:01:57 2004 :: Check Levels:
Fri Mar 26 19:01:57 2004 ::   Object: (VNUM  9215)(Level 16) elemental wand of fire
Fri Mar 26 19:01:57 2004 ::      Mob: (VNUM  9215)(Level  4) a flame
Fri Mar 26 19:01:57 2004 :: Check Levels:
Fri Mar 26 19:01:57 2004 ::   Object: (VNUM  9218)(Level 27) elemental wand of wind and air
Fri Mar 26 19:01:57 2004 ::      Mob: (VNUM  9218)(Level  4) a small spark
Fri Mar 26 19:01:57 2004 :: Check Levels:
Fri Mar 26 19:01:57 2004 ::   Object: (VNUM  9218)(Level 27) elemental wand of wind and air
Fri Mar 26 19:01:57 2004 ::      Mob: (VNUM  9225)(Level  2) an eddie
Fri Mar 26 19:01:57 2004 :: Check Levels:
Fri Mar 26 19:01:57 2004 ::   Object: (VNUM  9216)(Level 25) an ice staff
Fri Mar 26 19:01:57 2004 ::      Mob: (VNUM  9235)(Level 16) a baby rainbow dragon
Fri Mar 26 19:01:57 2004 :: Check Levels:
Fri Mar 26 19:01:57 2004 ::   Object: (VNUM  8010)(Level  5) a wet noodle
Fri Mar 26 19:01:57 2004 ::      Mob: (VNUM  8002)(Level 17) a Futsie
Fri Mar 26 19:01:57 2004 :: ROM is ready to rock on port 7001 (0.0.0.0).
Fri Mar 26 19:01:57 2004 :: Copyover recovery initiated
Fri Mar 26 19:01:57 2004 :: Loading Leigh.
Fri Mar 26 19:01:57 2004 :: Loading Frostfyre.
Fri Mar 26 19:01:57 2004 :: Loading Abazan.
Fri Mar 26 19:03:09 2004 :: Abazan has fled from KeggerMUD.
Fri Mar 26 19:05:18 2004 :: Log Frostfyre: copyover
Fri Mar 26 19:05:18 2004 :: Loading configuration settings from ../area/qmconfig.rc.
Fri Mar 26 19:05:18 2004 :: Loaded 0 mobprogs.
Fri Mar 26 19:05:18 2004 :: Loaded 0 mobprogs.
Fri Mar 26 19:05:18 2004 :: Loaded 0 mobprogs.
Fri Mar 26 19:05:18 2004 :: Loaded 0 mobprogs.
Fri Mar 26 19:05:18 2004 :: Loaded 0 mobprogs.
Fri Mar 26 19:05:18 2004 :: Loaded 0 mobprogs.
Fri Mar 26 19:05:18 2004 :: Loaded 0 mobprogs.
Fri Mar 26 19:05:18 2004 :: Loaded 0 mobprogs.
Fri Mar 26 19:05:18 2004 :: Loaded 0 mobprogs.
Fri Mar 26 19:05:18 2004 :: Loaded 0 mobprogs.
Fri Mar 26 19:05:18 2004 :: Loaded 0 mobprogs.
Fri Mar 26 19:05:18 2004 :: Loaded 0 mobprogs.
Fri Mar 26 19:05:18 2004 :: Loaded 0 mobprogs.
Fri Mar 26 19:05:18 2004 :: Loaded 0 mobprogs.
Fri Mar 26 19:05:18 2004 :: Loaded 0 mobprogs.
Fri Mar 26 19:05:18 2004 :: Loaded 0 mobprogs.
Fri Mar 26 19:05:18 2004 :: Loaded 0 mobprogs.
Fri Mar 26 19:05:18 2004 :: Loaded 0 mobprogs.
Fri Mar 26 19:05:18 2004 :: Loaded 0 mobprogs.
Fri Mar 26 19:05:18 2004 :: Loaded 0 mobprogs.
Fri Mar 26 19:05:18 2004 :: Loaded 0 mobprogs.
Fri Mar 26 19:05:18 2004 :: Loaded 0 mobprogs.
Fri Mar 26 19:05:18 2004 :: Loaded 0 mobprogs.
Fri Mar 26 19:05:18 2004 :: Loaded 0 mobprogs.
Fri Mar 26 19:05:18 2004 :: Loaded 0 mobprogs.
Fri Mar 26 19:05:18 2004 :: Loaded 0 mobprogs.
Fri Mar 26 19:05:18 2004 :: Loaded 0 mobprogs.
Fri Mar 26 19:05:18 2004 :: Loaded 0 mobprogs.
Fri Mar 26 19:05:18 2004 :: Loaded 0 mobprogs.
Fri Mar 26 19:05:18 2004 :: Loaded 0 mobprogs.
Fri Mar 26 19:05:18 2004 :: Loaded 0 mobprogs.
Fri Mar 26 19:05:18 2004 :: Loaded 0 mobprogs.
Fri Mar 26 19:05:18 2004 :: Loaded 0 mobprogs.
Fri Mar 26 19:05:18 2004 :: Loaded 0 mobprogs.
Fri Mar 26 19:05:18 2004 :: Loaded 0 mobprogs.
Fri Mar 26 19:05:18 2004 :: Loaded 0 mobprogs.
Fri Mar 26 19:05:18 2004 :: Loaded 0 mobprogs.
Fri Mar 26 19:05:18 2004 :: Loaded 0 mobprogs.
Fri Mar 26 19:05:18 2004 :: Loaded 0 mobprogs.
Fri Mar 26 19:05:18 2004 :: Loaded 0 mobprogs.
Fri Mar 26 19:05:18 2004 :: Loaded 0 mobprogs.
Fri Mar 26 19:05:18 2004 :: Loaded 0 mobprogs.
Fri Mar 26 19:05:18 2004 :: Loaded 0 mobprogs.
Fri Mar 26 19:05:18 2004 :: Loaded 0 mobprogs.
Fri Mar 26 19:05:18 2004 :: Loaded 0 mobprogs.
Fri Mar 26 19:05:18 2004 :: Loaded 0 mobprogs.
Fri Mar 26 19:05:18 2004 :: Loaded 0 mobprogs.
Fri Mar 26 19:05:18 2004 :: Loaded 0 mobprogs.
Fri Mar 26 19:05:18 2004 :: Loaded 0 mobprogs.
Fri Mar 26 19:05:18 2004 :: Loaded 0 mobprogs.
Fri Mar 26 19:05:18 2004 :: Loaded 0 mobprogs.
Fri Mar 26 19:05:18 2004 :: [*****] BUG: Fix_exits: 2:4 -> 3001:5 -> 3399.
Fri Mar 26 19:05:18 2004 :: [*****] BUG: Fix_exits: 1150:4 -> 3001:5 -> 3399.
Fri Mar 26 19:05:18 2004 :: [*****] BUG: Fix_exits: 10525:1 -> 10535:3 -> 10534.
Fri Mar 26 19:05:18 2004 :: [*****] BUG: Fix_exits: 3458:2 -> 3472:0 -> 10401.
Fri Mar 26 19:05:18 2004 :: [*****] BUG: Fix_exits: 1483:4 -> 3001:5 -> 3399.
Fri Mar 26 19:05:18 2004 :: [*****] BUG: Fix_exits: 8705:4 -> 8706:5 -> 8708.
Fri Mar 26 19:05:18 2004 :: [*****] BUG: Fix_exits: 8717:2 -> 8719:0 -> 8718.
Fri Mar 26 19:05:18 2004 :: [*****] BUG: Fix_exits: 3760:4 -> 3001:5 -> 3399.
Fri Mar 26 19:05:18 2004 :: Check Levels:
Fri Mar 26 19:05:18 2004 ::   Object: (VNUM  9217)(Level  7) an elemental rod of earthquake
Fri Mar 26 19:05:18 2004 ::      Mob: (VNUM  9217)(Level  3) a small rock
Fri Mar 26 19:05:18 2004 :: Check Levels:
Fri Mar 26 19:05:18 2004 ::   Object: (VNUM  9218)(Level 27) elemental wand of wind and air
Fri Mar 26 19:05:18 2004 ::      Mob: (VNUM  9234)(Level 13) an alchemist
Fri Mar 26 19:05:18 2004 :: Check Levels:
Fri Mar 26 19:05:18 2004 ::   Object: (VNUM  9216)(Level 25) an ice staff
Fri Mar 26 19:05:18 2004 ::      Mob: (VNUM  9214)(Level  8) a puddle
Fri Mar 26 19:05:18 2004 :: Check Levels:
Fri Mar 26 19:05:18 2004 ::   Object: (VNUM  9227)(Level 28) an icicle
Fri Mar 26 19:05:18 2004 ::      Mob: (VNUM  9228)(Level 24) the Ice Bandit
Fri Mar 26 19:05:18 2004 :: Check Levels:
Fri Mar 26 19:05:18 2004 ::   Object: (VNUM  9215)(Level 16) elemental wand of fire
Fri Mar 26 19:05:18 2004 ::      Mob: (VNUM  9215)(Level  4) a flame
Fri Mar 26 19:05:18 2004 :: Check Levels:
Fri Mar 26 19:05:18 2004 ::   Object: (VNUM  9215)(Level 16) elemental wand of fire
Fri Mar 26 19:05:18 2004 ::      Mob: (VNUM  9215)(Level  4) a flame
Fri Mar 26 19:05:18 2004 :: Check Levels:
Fri Mar 26 19:05:18 2004 ::   Object: (VNUM  9218)(Level 27) elemental wand of wind and air
Fri Mar 26 19:05:18 2004 ::      Mob: (VNUM  9218)(Level  4) a small spark
Fri Mar 26 19:05:18 2004 :: Check Levels:
Fri Mar 26 19:05:18 2004 ::   Object: (VNUM  9218)(Level 27) elemental wand of wind and air
Fri Mar 26 19:05:18 2004 ::      Mob: (VNUM  9225)(Level  2) an eddie
Fri Mar 26 19:05:18 2004 :: Check Levels:
Fri Mar 26 19:05:18 2004 ::   Object: (VNUM  9216)(Level 25) an ice staff
Fri Mar 26 19:05:18 2004 ::      Mob: (VNUM  9235)(Level 16) a baby rainbow dragon
Fri Mar 26 19:05:18 2004 :: Check Levels:
Fri Mar 26 19:05:18 2004 ::   Object: (VNUM  8010)(Level  5) a wet noodle
Fri Mar 26 19:05:18 2004 ::      Mob: (VNUM  8002)(Level 17) a Futsie
Fri Mar 26 19:05:18 2004 :: ROM is ready to rock on port 7001 (0.0.0.0).
Fri Mar 26 19:05:18 2004 :: Copyover recovery initiated
Fri Mar 26 19:05:18 2004 :: Loading Frostfyre.
Fri Mar 26 19:05:18 2004 :: Loading Leigh.
Fri Mar 26 20:01:19 2004 :: Check Levels:
Fri Mar 26 20:01:19 2004 ::   Object: (VNUM  9217)(Level  7) an elemental rod of earthquake
Fri Mar 26 20:01:19 2004 ::      Mob: (VNUM  9217)(Level  3) a small rock
Fri Mar 26 20:01:19 2004 :: Check Levels:
Fri Mar 26 20:01:19 2004 ::   Object: (VNUM  9218)(Level 27) elemental wand of wind and air
Fri Mar 26 20:01:19 2004 ::      Mob: (VNUM  9234)(Level 13) an alchemist
Fri Mar 26 20:01:19 2004 :: Check Levels:
Fri Mar 26 20:01:19 2004 ::   Object: (VNUM  9216)(Level 25) an ice staff
Fri Mar 26 20:01:19 2004 ::      Mob: (VNUM  9214)(Level  8) a puddle
Fri Mar 26 20:01:19 2004 :: Check Levels:
Fri Mar 26 20:01:19 2004 ::   Object: (VNUM  9215)(Level 16) elemental wand of fire
Fri Mar 26 20:01:19 2004 ::      Mob: (VNUM  9215)(Level  4) a flame
Fri Mar 26 20:01:19 2004 :: Check Levels:
Fri Mar 26 20:01:19 2004 ::   Object: (VNUM  9215)(Level 16) elemental wand of fire
Fri Mar 26 20:01:19 2004 ::      Mob: (VNUM  9215)(Level  4) a flame
Fri Mar 26 20:01:19 2004 :: Check Levels:
Fri Mar 26 20:01:19 2004 ::   Object: (VNUM  9218)(Level 27) elemental wand of wind and air
Fri Mar 26 20:01:19 2004 ::      Mob: (VNUM  9218)(Level  4) a small spark
Fri Mar 26 20:01:19 2004 :: Check Levels:
Fri Mar 26 20:01:19 2004 ::   Object: (VNUM  9218)(Level 27) elemental wand of wind and air
Fri Mar 26 20:01:19 2004 ::      Mob: (VNUM  9225)(Level  2) an eddie
Fri Mar 26 20:03:19 2004 :: Check Levels:
Fri Mar 26 20:03:19 2004 ::   Object: (VNUM  8010)(Level  5) a wet noodle
Fri Mar 26 20:03:19 2004 ::      Mob: (VNUM  8002)(Level 17) a Futsie
Fri Mar 26 20:34:03 2004 :: Sock.sinaddr:  192.168.1.1
Fri Mar 26 20:34:25 2004 :: Loading Frostfyre.
Fri Mar 26 20:34:28 2004 :: Closing link to Frostfyre.
Fri Mar 26 20:34:28 2004 :: Frostfyre@192.168.1.1 reconnected.
Fri Mar 26 20:38:13 2004 :: Sock.sinaddr:  209.132.171.183
Fri Mar 26 20:38:26 2004 :: Loading Abazan.
Fri Mar 26 20:38:28 2004 :: Abazan@209.132.171.183 has connected.
Read_from_descriptor: Connection timed out
Fri Mar 26 20:52:42 2004 :: Closing link to Leigh.
Fri Mar 26 20:59:24 2004 :: Check Levels:
Fri Mar 26 20:59:24 2004 ::   Object: (VNUM  9218)(Level 27) elemental wand of wind and air
Fri Mar 26 20:59:24 2004 ::      Mob: (VNUM  9234)(Level 13) an alchemist
Fri Mar 26 20:59:24 2004 :: Check Levels:
Fri Mar 26 20:59:24 2004 ::   Object: (VNUM  9215)(Level 16) elemental wand of fire
Fri Mar 26 20:59:24 2004 ::      Mob: (VNUM  9215)(Level  4) a flame
Fri Mar 26 21:07:35 2004 :: Sock.sinaddr:  192.168.1.1
Fri Mar 26 21:07:48 2004 :: Loading Frostfyre.
Fri Mar 26 21:07:50 2004 :: Closing link to Frostfyre.
Fri Mar 26 21:07:50 2004 :: Frostfyre@192.168.1.1 reconnected.
Fri Mar 26 21:07:56 2004 :: Sock.sinaddr:  192.168.1.1
Read_from_descriptor: Connection timed out
Fri Mar 26 21:29:58 2004 :: Closing link to Abazan.
Fri Mar 26 22:39:45 2004 :: Sock.sinaddr:  209.132.171.183
Fri Mar 26 22:39:53 2004 :: Loading Abazan.
Fri Mar 26 22:39:56 2004 :: Abazan@209.132.171.183 reconnected.
Fri Mar 26 22:49:25 2004 :: Abazan has fled from KeggerMUD.
Fri Mar 26 23:01:47 2004 :: Sock.sinaddr:  200.163.8.126
Read_from_descriptor: Connection reset by peer
Fri Mar 26 23:29:30 2004 :: Sock.sinaddr:  216.40.217.211
Fri Mar 26 23:29:51 2004 :: Biggs@raider.mudmagic.com new player.
Fri Mar 26 23:31:16 2004 :: Log Biggs: delete
Fri Mar 26 23:31:18 2004 :: Log Biggs: delete
Fri Mar 26 23:31:18 2004 :: Biggs has fled from KeggerMUD.
Sat Mar 27 00:41:15 2004 :: Sock.sinaddr:  68.126.17.168
Sat Mar 27 00:41:33 2004 :: Einar@adsl-68-126-17-168.dsl.renocs.pacbell.net new player.
Sat Mar 27 00:41:39 2004 :: EOF encountered on read.
Sat Mar 27 00:41:39 2004 :: Closing link to Einar.
Sat Mar 27 02:36:19 2004 :: Sock.sinaddr:  64.222.130.200
Sat Mar 27 02:36:24 2004 :: Loading Leigh.
Sat Mar 27 02:36:27 2004 :: Leigh@pool-64-222-130-200.man.east.verizon.net reconnected.
Sat Mar 27 06:31:33 2004 :: Sock.sinaddr:  142.161.106.46
Sat Mar 27 06:32:03 2004 :: Sonja@wnpgmb01dc2-106-46.dynamic.mts.net new player.
Sat Mar 27 06:33:18 2004 :: EOF encountered on read.
Sat Mar 27 06:33:18 2004 :: Closing link to Sonja.
Sat Mar 27 07:04:24 2004 :: Sonja has fled from KeggerMUD.
Sat Mar 27 08:08:06 2004 :: Sock.sinaddr:  204.209.44.14
Sat Mar 27 08:08:07 2004 :: EOF encountered on read.
Sat Mar 27 11:42:10 2004 :: Sock.sinaddr:  64.222.130.200
Sat Mar 27 11:42:15 2004 :: Loading Leigh.
Sat Mar 27 11:42:15 2004 :: Closing link to Leigh.
Sat Mar 27 11:42:17 2004 :: Sock.sinaddr:  64.222.130.200
Sat Mar 27 11:42:21 2004 :: Loading Leigh.
Sat Mar 27 11:42:26 2004 :: Closing link to Leigh.
Sat Mar 27 11:42:26 2004 :: Leigh@pool-64-222-130-200.man.east.verizon.net reconnected.
Read_from_descriptor: Connection timed out
Sat Mar 27 11:59:40 2004 :: Closing link to Frostfyre.
Sat Mar 27 13:21:24 2004 :: Sock.sinaddr:  192.168.1.1
Sat Mar 27 13:21:31 2004 :: Loading Frostfyre.
Sat Mar 27 13:21:33 2004 :: Frostfyre@192.168.1.1 reconnected.
Sat Mar 27 13:24:00 2004 :: Leigh has fled from KeggerMUD.
Sat Mar 27 13:24:06 2004 :: Log Frostfyre: shutdown
Sat Mar 27 13:24:06 2004 :: Closing link to Frostfyre.
Sat Mar 27 13:24:07 2004 :: Normal termination of game.
