Sun Mar 28 05:56:17 2004 :: Loading configuration settings from ../area/qmconfig.rc.
Sun Mar 28 05:56:17 2004 :: Set IP address to 0.0.0.0
Sun Mar 28 05:56:17 2004 :: Loaded 0 mobprogs.
Sun Mar 28 05:56:17 2004 :: Loaded 0 mobprogs.
Sun Mar 28 05:56:17 2004 :: Loaded 0 mobprogs.
Sun Mar 28 05:56:17 2004 :: Loaded 0 mobprogs.
Sun Mar 28 05:56:17 2004 :: Loaded 0 mobprogs.
Sun Mar 28 05:56:17 2004 :: Loaded 0 mobprogs.
Sun Mar 28 05:56:17 2004 :: Loaded 0 mobprogs.
Sun Mar 28 05:56:17 2004 :: Loaded 0 mobprogs.
Sun Mar 28 05:56:17 2004 :: Loaded 0 mobprogs.
Sun Mar 28 05:56:17 2004 :: Loaded 0 mobprogs.
Sun Mar 28 05:56:17 2004 :: Loaded 0 mobprogs.
Sun Mar 28 05:56:17 2004 :: Loaded 0 mobprogs.
Sun Mar 28 05:56:17 2004 :: Loaded 0 mobprogs.
Sun Mar 28 05:56:17 2004 :: Loaded 0 mobprogs.
Sun Mar 28 05:56:17 2004 :: Loaded 0 mobprogs.
Sun Mar 28 05:56:17 2004 :: Loaded 0 mobprogs.
Sun Mar 28 05:56:17 2004 :: Loaded 0 mobprogs.
Sun Mar 28 05:56:17 2004 :: Loaded 0 mobprogs.
Sun Mar 28 05:56:17 2004 :: Loaded 0 mobprogs.
Sun Mar 28 05:56:17 2004 :: Loaded 0 mobprogs.
Sun Mar 28 05:56:17 2004 :: Loaded 0 mobprogs.
Sun Mar 28 05:56:17 2004 :: Loaded 0 mobprogs.
Sun Mar 28 05:56:17 2004 :: Loaded 0 mobprogs.
Sun Mar 28 05:56:17 2004 :: Loaded 0 mobprogs.
Sun Mar 28 05:56:17 2004 :: Loaded 0 mobprogs.
Sun Mar 28 05:56:17 2004 :: Loaded 0 mobprogs.
Sun Mar 28 05:56:17 2004 :: Loaded 0 mobprogs.
Sun Mar 28 05:56:17 2004 :: Loaded 0 mobprogs.
Sun Mar 28 05:56:17 2004 :: Loaded 0 mobprogs.
Sun Mar 28 05:56:17 2004 :: Loaded 0 mobprogs.
Sun Mar 28 05:56:17 2004 :: Loaded 0 mobprogs.
Sun Mar 28 05:56:17 2004 :: Loaded 0 mobprogs.
Sun Mar 28 05:56:17 2004 :: Loaded 0 mobprogs.
Sun Mar 28 05:56:17 2004 :: Loaded 0 mobprogs.
Sun Mar 28 05:56:17 2004 :: Loaded 0 mobprogs.
Sun Mar 28 05:56:17 2004 :: Loaded 0 mobprogs.
Sun Mar 28 05:56:17 2004 :: Loaded 0 mobprogs.
Sun Mar 28 05:56:17 2004 :: Loaded 0 mobprogs.
Sun Mar 28 05:56:17 2004 :: Loaded 0 mobprogs.
Sun Mar 28 05:56:17 2004 :: Loaded 0 mobprogs.
Sun Mar 28 05:56:17 2004 :: Loaded 0 mobprogs.
Sun Mar 28 05:56:17 2004 :: Loaded 0 mobprogs.
Sun Mar 28 05:56:17 2004 :: Loaded 0 mobprogs.
Sun Mar 28 05:56:17 2004 :: Loaded 0 mobprogs.
Sun Mar 28 05:56:17 2004 :: Loaded 0 mobprogs.
Sun Mar 28 05:56:17 2004 :: Loaded 0 mobprogs.
Sun Mar 28 05:56:17 2004 :: Loaded 0 mobprogs.
Sun Mar 28 05:56:17 2004 :: Loaded 0 mobprogs.
Sun Mar 28 05:56:17 2004 :: Loaded 0 mobprogs.
Sun Mar 28 05:56:17 2004 :: Loaded 0 mobprogs.
Sun Mar 28 05:56:17 2004 :: Loaded 0 mobprogs.
Sun Mar 28 05:56:17 2004 :: [*****] BUG: Fix_exits: 2:4 -> 3001:5 -> 3399.
Sun Mar 28 05:56:17 2004 :: [*****] BUG: Fix_exits: 1150:4 -> 3001:5 -> 3399.
Sun Mar 28 05:56:17 2004 :: [*****] BUG: Fix_exits: 10525:1 -> 10535:3 -> 10534.
Sun Mar 28 05:56:17 2004 :: [*****] BUG: Fix_exits: 3458:2 -> 3472:0 -> 10401.
Sun Mar 28 05:56:17 2004 :: [*****] BUG: Fix_exits: 1483:4 -> 3001:5 -> 3399.
Sun Mar 28 05:56:17 2004 :: [*****] BUG: Fix_exits: 8705:4 -> 8706:5 -> 8708.
Sun Mar 28 05:56:17 2004 :: [*****] BUG: Fix_exits: 8717:2 -> 8719:0 -> 8718.
Sun Mar 28 05:56:17 2004 :: [*****] BUG: Fix_exits: 3760:4 -> 3001:5 -> 3399.
Sun Mar 28 05:56:17 2004 :: Check Levels:
Sun Mar 28 05:56:17 2004 ::   Object: (VNUM  9217)(Level  7) an elemental rod of earthquake
Sun Mar 28 05:56:17 2004 ::      Mob: (VNUM  9217)(Level  3) a small rock
Sun Mar 28 05:56:17 2004 :: Check Levels:
Sun Mar 28 05:56:17 2004 ::   Object: (VNUM  9218)(Level 27) elemental wand of wind and air
Sun Mar 28 05:56:17 2004 ::      Mob: (VNUM  9234)(Level 13) an alchemist
Sun Mar 28 05:56:17 2004 :: Check Levels:
Sun Mar 28 05:56:17 2004 ::   Object: (VNUM  9216)(Level 25) an ice staff
Sun Mar 28 05:56:17 2004 ::      Mob: (VNUM  9214)(Level  8) a puddle
Sun Mar 28 05:56:17 2004 :: Check Levels:
Sun Mar 28 05:56:17 2004 ::   Object: (VNUM  9227)(Level 28) an icicle
Sun Mar 28 05:56:17 2004 ::      Mob: (VNUM  9228)(Level 24) the Ice Bandit
Sun Mar 28 05:56:17 2004 :: Check Levels:
Sun Mar 28 05:56:17 2004 ::   Object: (VNUM  9215)(Level 16) elemental wand of fire
Sun Mar 28 05:56:17 2004 ::      Mob: (VNUM  9215)(Level  4) a flame
Sun Mar 28 05:56:17 2004 :: Check Levels:
Sun Mar 28 05:56:17 2004 ::   Object: (VNUM  9215)(Level 16) elemental wand of fire
Sun Mar 28 05:56:17 2004 ::      Mob: (VNUM  9215)(Level  4) a flame
Sun Mar 28 05:56:17 2004 :: Check Levels:
Sun Mar 28 05:56:17 2004 ::   Object: (VNUM  9218)(Level 27) elemental wand of wind and air
Sun Mar 28 05:56:17 2004 ::      Mob: (VNUM  9218)(Level  4) a small spark
Sun Mar 28 05:56:17 2004 :: Check Levels:
Sun Mar 28 05:56:17 2004 ::   Object: (VNUM  9218)(Level 27) elemental wand of wind and air
Sun Mar 28 05:56:17 2004 ::      Mob: (VNUM  9225)(Level  2) an eddie
Sun Mar 28 05:56:17 2004 :: Check Levels:
Sun Mar 28 05:56:17 2004 ::   Object: (VNUM  9216)(Level 25) an ice staff
Sun Mar 28 05:56:17 2004 ::      Mob: (VNUM  9235)(Level 16) a baby rainbow dragon
Sun Mar 28 05:56:17 2004 :: Check Levels:
Sun Mar 28 05:56:17 2004 ::   Object: (VNUM  8010)(Level  5) a wet noodle
Sun Mar 28 05:56:17 2004 ::      Mob: (VNUM  8002)(Level 17) a Futsie
Sun Mar 28 05:56:17 2004 :: ROM is ready to rock on port 7001 (0.0.0.0).
Sun Mar 28 05:58:26 2004 :: Sock.sinaddr:  192.168.1.1
Sun Mar 28 05:58:28 2004 :: Loading Frostfyre.
Sun Mar 28 05:58:29 2004 :: Frostfyre@192.168.1.1 has connected.
Sun Mar 28 06:02:32 2004 :: Sock.sinaddr:  4.60.146.74
Sun Mar 28 06:02:45 2004 :: EOF encountered on read.
Sun Mar 28 06:02:45 2004 :: Closing link to Corruption.
Sun Mar 28 06:52:20 2004 :: Check Levels:
Sun Mar 28 06:52:20 2004 ::   Object: (VNUM  8010)(Level  5) a wet noodle
Sun Mar 28 06:52:20 2004 ::      Mob: (VNUM  8002)(Level 17) a Futsie
Sun Mar 28 06:56:20 2004 :: Check Levels:
Sun Mar 28 06:56:20 2004 ::   Object: (VNUM  9217)(Level  7) an elemental rod of earthquake
Sun Mar 28 06:56:20 2004 ::      Mob: (VNUM  9217)(Level  3) a small rock
Sun Mar 28 06:56:20 2004 :: Check Levels:
Sun Mar 28 06:56:20 2004 ::   Object: (VNUM  9218)(Level 27) elemental wand of wind and air
Sun Mar 28 06:56:20 2004 ::      Mob: (VNUM  9234)(Level 13) an alchemist
Sun Mar 28 06:56:20 2004 :: Check Levels:
Sun Mar 28 06:56:20 2004 ::   Object: (VNUM  9216)(Level 25) an ice staff
Sun Mar 28 06:56:20 2004 ::      Mob: (VNUM  9214)(Level  8) a puddle
Sun Mar 28 06:56:20 2004 :: Check Levels:
Sun Mar 28 06:56:20 2004 ::   Object: (VNUM  9215)(Level 16) elemental wand of fire
Sun Mar 28 06:56:20 2004 ::      Mob: (VNUM  9215)(Level  4) a flame
Sun Mar 28 06:56:20 2004 :: Check Levels:
Sun Mar 28 06:56:20 2004 ::   Object: (VNUM  9215)(Level 16) elemental wand of fire
Sun Mar 28 06:56:20 2004 ::      Mob: (VNUM  9215)(Level  4) a flame
Sun Mar 28 06:56:20 2004 :: Check Levels:
Sun Mar 28 06:56:20 2004 ::   Object: (VNUM  9218)(Level 27) elemental wand of wind and air
Sun Mar 28 06:56:20 2004 ::      Mob: (VNUM  9218)(Level  4) a small spark
Sun Mar 28 06:56:20 2004 :: Check Levels:
Sun Mar 28 06:56:20 2004 ::   Object: (VNUM  9218)(Level 27) elemental wand of wind and air
Sun Mar 28 06:56:20 2004 ::      Mob: (VNUM  9225)(Level  2) an eddie
Sun Mar 28 07:58:20 2004 :: Check Levels:
Sun Mar 28 07:58:20 2004 ::   Object: (VNUM  9218)(Level 27) elemental wand of wind and air
Sun Mar 28 07:58:20 2004 ::      Mob: (VNUM  9234)(Level 13) an alchemist
Sun Mar 28 07:58:20 2004 :: Check Levels:
Sun Mar 28 07:58:20 2004 ::   Object: (VNUM  9215)(Level 16) elemental wand of fire
Sun Mar 28 07:58:20 2004 ::      Mob: (VNUM  9215)(Level  4) a flame
Sun Mar 28 08:07:23 2004 :: Sock.sinaddr:  204.209.44.14
Sun Mar 28 08:07:23 2004 :: EOF encountered on read.
Sun Mar 28 13:15:57 2004 :: Log Frostfyre: shutdown
Sun Mar 28 13:15:57 2004 :: Closing link to Frostfyre.
Sun Mar 28 13:15:57 2004 :: Normal termination of game.
