Wed Mar 31 22:22:34 2004 :: Loading configuration settings from ../area/qmconfig.rc.
Wed Mar 31 22:22:34 2004 :: Set IP address to 0.0.0.0
Wed Mar 31 22:22:34 2004 :: Loaded 0 mobprogs.
Wed Mar 31 22:22:34 2004 :: Loaded 0 mobprogs.
Wed Mar 31 22:22:34 2004 :: Loaded 0 mobprogs.
Wed Mar 31 22:22:34 2004 :: Loaded 0 mobprogs.
Wed Mar 31 22:22:34 2004 :: Loaded 0 mobprogs.
Wed Mar 31 22:22:34 2004 :: Loaded 0 mobprogs.
Wed Mar 31 22:22:34 2004 :: Loaded 0 mobprogs.
Wed Mar 31 22:22:34 2004 :: Loaded 0 mobprogs.
Wed Mar 31 22:22:34 2004 :: Loaded 0 mobprogs.
Wed Mar 31 22:22:34 2004 :: Loaded 0 mobprogs.
Wed Mar 31 22:22:34 2004 :: Loaded 0 mobprogs.
Wed Mar 31 22:22:34 2004 :: Loaded 0 mobprogs.
Wed Mar 31 22:22:34 2004 :: Loaded 0 mobprogs.
Wed Mar 31 22:22:34 2004 :: Loaded 0 mobprogs.
Wed Mar 31 22:22:34 2004 :: Loaded 0 mobprogs.
Wed Mar 31 22:22:34 2004 :: Loaded 0 mobprogs.
Wed Mar 31 22:22:34 2004 :: Loaded 0 mobprogs.
Wed Mar 31 22:22:34 2004 :: Loaded 0 mobprogs.
Wed Mar 31 22:22:34 2004 :: Loaded 0 mobprogs.
Wed Mar 31 22:22:34 2004 :: Loaded 0 mobprogs.
Wed Mar 31 22:22:34 2004 :: Loaded 0 mobprogs.
Wed Mar 31 22:22:34 2004 :: Loaded 0 mobprogs.
Wed Mar 31 22:22:34 2004 :: Loaded 0 mobprogs.
Wed Mar 31 22:22:34 2004 :: Loaded 0 mobprogs.
Wed Mar 31 22:22:34 2004 :: Loaded 0 mobprogs.
Wed Mar 31 22:22:34 2004 :: Loaded 0 mobprogs.
Wed Mar 31 22:22:34 2004 :: Loaded 0 mobprogs.
Wed Mar 31 22:22:34 2004 :: Loaded 0 mobprogs.
Wed Mar 31 22:22:34 2004 :: Loaded 0 mobprogs.
Wed Mar 31 22:22:34 2004 :: Loaded 0 mobprogs.
Wed Mar 31 22:22:34 2004 :: Loaded 0 mobprogs.
Wed Mar 31 22:22:34 2004 :: Loaded 0 mobprogs.
Wed Mar 31 22:22:34 2004 :: Loaded 0 mobprogs.
Wed Mar 31 22:22:34 2004 :: Loaded 0 mobprogs.
Wed Mar 31 22:22:34 2004 :: Loaded 0 mobprogs.
Wed Mar 31 22:22:34 2004 :: Loaded 0 mobprogs.
Wed Mar 31 22:22:34 2004 :: Loaded 0 mobprogs.
Wed Mar 31 22:22:34 2004 :: Loaded 0 mobprogs.
Wed Mar 31 22:22:34 2004 :: Loaded 0 mobprogs.
Wed Mar 31 22:22:34 2004 :: Loaded 0 mobprogs.
Wed Mar 31 22:22:34 2004 :: Loaded 0 mobprogs.
Wed Mar 31 22:22:34 2004 :: Loaded 0 mobprogs.
Wed Mar 31 22:22:34 2004 :: Loaded 0 mobprogs.
Wed Mar 31 22:22:34 2004 :: Loaded 0 mobprogs.
Wed Mar 31 22:22:34 2004 :: Loaded 0 mobprogs.
Wed Mar 31 22:22:34 2004 :: Loaded 0 mobprogs.
Wed Mar 31 22:22:34 2004 :: Loaded 0 mobprogs.
Wed Mar 31 22:22:34 2004 :: Loaded 0 mobprogs.
Wed Mar 31 22:22:34 2004 :: Loaded 0 mobprogs.
Wed Mar 31 22:22:34 2004 :: Loaded 0 mobprogs.
Wed Mar 31 22:22:34 2004 :: Loaded 0 mobprogs.
Wed Mar 31 22:22:34 2004 :: [*****] BUG: Fix_exits: 2:4 -> 3001:5 -> 3399.
Wed Mar 31 22:22:34 2004 :: [*****] BUG: Fix_exits: 1150:4 -> 3001:5 -> 3399.
Wed Mar 31 22:22:34 2004 :: [*****] BUG: Fix_exits: 10525:1 -> 10535:3 -> 10534.
Wed Mar 31 22:22:34 2004 :: [*****] BUG: Fix_exits: 3458:2 -> 3472:0 -> 10401.
Wed Mar 31 22:22:34 2004 :: [*****] BUG: Fix_exits: 1483:4 -> 3001:5 -> 3399.
Wed Mar 31 22:22:34 2004 :: [*****] BUG: Fix_exits: 8705:4 -> 8706:5 -> 8708.
Wed Mar 31 22:22:34 2004 :: [*****] BUG: Fix_exits: 8717:2 -> 8719:0 -> 8718.
Wed Mar 31 22:22:34 2004 :: [*****] BUG: Fix_exits: 3760:4 -> 3001:5 -> 3399.
Wed Mar 31 22:22:34 2004 :: Check Levels:
Wed Mar 31 22:22:34 2004 ::   Object: (VNUM  9217)(Level  7) an elemental rod of earthquake
Wed Mar 31 22:22:34 2004 ::      Mob: (VNUM  9217)(Level  3) a small rock
Wed Mar 31 22:22:34 2004 :: Check Levels:
Wed Mar 31 22:22:34 2004 ::   Object: (VNUM  9218)(Level 27) elemental wand of wind and air
Wed Mar 31 22:22:34 2004 ::      Mob: (VNUM  9234)(Level 13) an alchemist
Wed Mar 31 22:22:34 2004 :: Check Levels:
Wed Mar 31 22:22:34 2004 ::   Object: (VNUM  9216)(Level 25) an ice staff
Wed Mar 31 22:22:34 2004 ::      Mob: (VNUM  9214)(Level  8) a puddle
Wed Mar 31 22:22:34 2004 :: Check Levels:
Wed Mar 31 22:22:34 2004 ::   Object: (VNUM  9227)(Level 28) an icicle
Wed Mar 31 22:22:34 2004 ::      Mob: (VNUM  9228)(Level 24) the Ice Bandit
Wed Mar 31 22:22:34 2004 :: Check Levels:
Wed Mar 31 22:22:34 2004 ::   Object: (VNUM  9215)(Level 16) elemental wand of fire
Wed Mar 31 22:22:34 2004 ::      Mob: (VNUM  9215)(Level  4) a flame
Wed Mar 31 22:22:34 2004 :: Check Levels:
Wed Mar 31 22:22:34 2004 ::   Object: (VNUM  9215)(Level 16) elemental wand of fire
Wed Mar 31 22:22:34 2004 ::      Mob: (VNUM  9215)(Level  4) a flame
Wed Mar 31 22:22:34 2004 :: Check Levels:
Wed Mar 31 22:22:34 2004 ::   Object: (VNUM  9218)(Level 27) elemental wand of wind and air
Wed Mar 31 22:22:34 2004 ::      Mob: (VNUM  9218)(Level  4) a small spark
Wed Mar 31 22:22:34 2004 :: Check Levels:
Wed Mar 31 22:22:34 2004 ::   Object: (VNUM  9218)(Level 27) elemental wand of wind and air
Wed Mar 31 22:22:34 2004 ::      Mob: (VNUM  9225)(Level  2) an eddie
Wed Mar 31 22:22:34 2004 :: Check Levels:
Wed Mar 31 22:22:34 2004 ::   Object: (VNUM  9216)(Level 25) an ice staff
Wed Mar 31 22:22:34 2004 ::      Mob: (VNUM  9235)(Level 16) a baby rainbow dragon
Wed Mar 31 22:22:34 2004 :: Check Levels:
Wed Mar 31 22:22:34 2004 ::   Object: (VNUM  8010)(Level  5) a wet noodle
Wed Mar 31 22:22:34 2004 ::      Mob: (VNUM  8002)(Level 17) a Futsie
Wed Mar 31 22:22:34 2004 :: ROM is ready to rock on port 7001 (0.0.0.0).
