Wed Mar 31 23:25:48 2004 :: Loading configuration settings from ../area/qmconfig.rc.
Wed Mar 31 23:25:48 2004 :: Set IP address to 0.0.0.0
Wed Mar 31 23:25:48 2004 :: Loaded 0 mobprogs.
Wed Mar 31 23:25:48 2004 :: Loaded 0 mobprogs.
Wed Mar 31 23:25:48 2004 :: Loaded 0 mobprogs.
Wed Mar 31 23:25:48 2004 :: Loaded 0 mobprogs.
Wed Mar 31 23:25:48 2004 :: Loaded 0 mobprogs.
Wed Mar 31 23:25:48 2004 :: Loaded 0 mobprogs.
Wed Mar 31 23:25:48 2004 :: Loaded 0 mobprogs.
Wed Mar 31 23:25:48 2004 :: Loaded 0 mobprogs.
Wed Mar 31 23:25:48 2004 :: Loaded 0 mobprogs.
Wed Mar 31 23:25:48 2004 :: Loaded 0 mobprogs.
Wed Mar 31 23:25:48 2004 :: Loaded 0 mobprogs.
Wed Mar 31 23:25:48 2004 :: Loaded 0 mobprogs.
Wed Mar 31 23:25:48 2004 :: Loaded 0 mobprogs.
Wed Mar 31 23:25:48 2004 :: Loaded 0 mobprogs.
Wed Mar 31 23:25:48 2004 :: Loaded 0 mobprogs.
Wed Mar 31 23:25:48 2004 :: Loaded 0 mobprogs.
Wed Mar 31 23:25:48 2004 :: Loaded 0 mobprogs.
Wed Mar 31 23:25:48 2004 :: Loaded 0 mobprogs.
Wed Mar 31 23:25:48 2004 :: Loaded 0 mobprogs.
Wed Mar 31 23:25:48 2004 :: Loaded 0 mobprogs.
Wed Mar 31 23:25:48 2004 :: Loaded 0 mobprogs.
Wed Mar 31 23:25:48 2004 :: Loaded 0 mobprogs.
Wed Mar 31 23:25:48 2004 :: Loaded 0 mobprogs.
Wed Mar 31 23:25:48 2004 :: Loaded 0 mobprogs.
Wed Mar 31 23:25:48 2004 :: Loaded 0 mobprogs.
Wed Mar 31 23:25:48 2004 :: Loaded 0 mobprogs.
Wed Mar 31 23:25:48 2004 :: Loaded 0 mobprogs.
Wed Mar 31 23:25:48 2004 :: Loaded 0 mobprogs.
Wed Mar 31 23:25:48 2004 :: Loaded 0 mobprogs.
Wed Mar 31 23:25:48 2004 :: Loaded 0 mobprogs.
Wed Mar 31 23:25:48 2004 :: Loaded 0 mobprogs.
Wed Mar 31 23:25:48 2004 :: Loaded 0 mobprogs.
Wed Mar 31 23:25:48 2004 :: Loaded 0 mobprogs.
Wed Mar 31 23:25:48 2004 :: Loaded 0 mobprogs.
Wed Mar 31 23:25:48 2004 :: Loaded 0 mobprogs.
Wed Mar 31 23:25:48 2004 :: Loaded 0 mobprogs.
Wed Mar 31 23:25:48 2004 :: Loaded 0 mobprogs.
Wed Mar 31 23:25:48 2004 :: Loaded 0 mobprogs.
Wed Mar 31 23:25:48 2004 :: Loaded 0 mobprogs.
Wed Mar 31 23:25:48 2004 :: Loaded 0 mobprogs.
Wed Mar 31 23:25:48 2004 :: Loaded 0 mobprogs.
Wed Mar 31 23:25:48 2004 :: Loaded 0 mobprogs.
Wed Mar 31 23:25:48 2004 :: Loaded 0 mobprogs.
Wed Mar 31 23:25:48 2004 :: Loaded 0 mobprogs.
Wed Mar 31 23:25:48 2004 :: Loaded 0 mobprogs.
Wed Mar 31 23:25:48 2004 :: Loaded 0 mobprogs.
Wed Mar 31 23:25:48 2004 :: Loaded 0 mobprogs.
Wed Mar 31 23:25:48 2004 :: Loaded 0 mobprogs.
Wed Mar 31 23:25:48 2004 :: Loaded 0 mobprogs.
Wed Mar 31 23:25:48 2004 :: Loaded 0 mobprogs.
Wed Mar 31 23:25:48 2004 :: Loaded 0 mobprogs.
Wed Mar 31 23:25:48 2004 :: [*****] BUG: Fix_exits: 2:4 -> 3001:5 -> 3399.
Wed Mar 31 23:25:48 2004 :: [*****] BUG: Fix_exits: 1150:4 -> 3001:5 -> 3399.
Wed Mar 31 23:25:48 2004 :: [*****] BUG: Fix_exits: 10525:1 -> 10535:3 -> 10534.
Wed Mar 31 23:25:48 2004 :: [*****] BUG: Fix_exits: 3458:2 -> 3472:0 -> 10401.
Wed Mar 31 23:25:48 2004 :: [*****] BUG: Fix_exits: 1483:4 -> 3001:5 -> 3399.
Wed Mar 31 23:25:48 2004 :: [*****] BUG: Fix_exits: 8705:4 -> 8706:5 -> 8708.
Wed Mar 31 23:25:48 2004 :: [*****] BUG: Fix_exits: 8717:2 -> 8719:0 -> 8718.
Wed Mar 31 23:25:48 2004 :: [*****] BUG: Fix_exits: 3760:4 -> 3001:5 -> 3399.
Wed Mar 31 23:25:48 2004 :: Check Levels:
Wed Mar 31 23:25:48 2004 ::   Object: (VNUM  9217)(Level  7) an elemental rod of earthquake
Wed Mar 31 23:25:48 2004 ::      Mob: (VNUM  9217)(Level  3) a small rock
Wed Mar 31 23:25:48 2004 :: Check Levels:
Wed Mar 31 23:25:48 2004 ::   Object: (VNUM  9218)(Level 27) elemental wand of wind and air
Wed Mar 31 23:25:48 2004 ::      Mob: (VNUM  9234)(Level 13) an alchemist
Wed Mar 31 23:25:48 2004 :: Check Levels:
Wed Mar 31 23:25:48 2004 ::   Object: (VNUM  9216)(Level 25) an ice staff
Wed Mar 31 23:25:48 2004 ::      Mob: (VNUM  9214)(Level  8) a puddle
Wed Mar 31 23:25:48 2004 :: Check Levels:
Wed Mar 31 23:25:48 2004 ::   Object: (VNUM  9227)(Level 28) an icicle
Wed Mar 31 23:25:48 2004 ::      Mob: (VNUM  9228)(Level 24) the Ice Bandit
Wed Mar 31 23:25:48 2004 :: Check Levels:
Wed Mar 31 23:25:48 2004 ::   Object: (VNUM  9215)(Level 16) elemental wand of fire
Wed Mar 31 23:25:48 2004 ::      Mob: (VNUM  9215)(Level  4) a flame
Wed Mar 31 23:25:48 2004 :: Check Levels:
Wed Mar 31 23:25:48 2004 ::   Object: (VNUM  9215)(Level 16) elemental wand of fire
Wed Mar 31 23:25:48 2004 ::      Mob: (VNUM  9215)(Level  4) a flame
Wed Mar 31 23:25:48 2004 :: Check Levels:
Wed Mar 31 23:25:48 2004 ::   Object: (VNUM  9218)(Level 27) elemental wand of wind and air
Wed Mar 31 23:25:48 2004 ::      Mob: (VNUM  9218)(Level  4) a small spark
Wed Mar 31 23:25:48 2004 :: Check Levels:
Wed Mar 31 23:25:48 2004 ::   Object: (VNUM  9218)(Level 27) elemental wand of wind and air
Wed Mar 31 23:25:48 2004 ::      Mob: (VNUM  9225)(Level  2) an eddie
Wed Mar 31 23:25:48 2004 :: Check Levels:
Wed Mar 31 23:25:48 2004 ::   Object: (VNUM  9216)(Level 25) an ice staff
Wed Mar 31 23:25:48 2004 ::      Mob: (VNUM  9235)(Level 16) a baby rainbow dragon
Wed Mar 31 23:25:48 2004 :: Check Levels:
Wed Mar 31 23:25:48 2004 ::   Object: (VNUM  8010)(Level  5) a wet noodle
Wed Mar 31 23:25:48 2004 ::      Mob: (VNUM  8002)(Level 17) a Futsie
Wed Mar 31 23:25:48 2004 :: ROM is ready to rock on port 7001 (0.0.0.0).
Wed Mar 31 23:50:52 2004 :: Sock.sinaddr:  216.237.234.1
Wed Mar 31 23:50:57 2004 :: EOF encountered on read.
Thu Apr  1 00:23:55 2004 :: Check Levels:
Thu Apr  1 00:23:55 2004 ::   Object: (VNUM  9217)(Level  7) an elemental rod of earthquake
Thu Apr  1 00:23:55 2004 ::      Mob: (VNUM  9217)(Level  3) a small rock
Thu Apr  1 00:23:55 2004 :: Check Levels:
Thu Apr  1 00:23:55 2004 ::   Object: (VNUM  9218)(Level 27) elemental wand of wind and air
Thu Apr  1 00:23:55 2004 ::      Mob: (VNUM  9234)(Level 13) an alchemist
Thu Apr  1 00:23:55 2004 :: Check Levels:
Thu Apr  1 00:23:55 2004 ::   Object: (VNUM  9216)(Level 25) an ice staff
Thu Apr  1 00:23:55 2004 ::      Mob: (VNUM  9214)(Level  8) a puddle
Thu Apr  1 00:23:55 2004 :: Check Levels:
Thu Apr  1 00:23:55 2004 ::   Object: (VNUM  9215)(Level 16) elemental wand of fire
Thu Apr  1 00:23:55 2004 ::      Mob: (VNUM  9215)(Level  4) a flame
Thu Apr  1 00:23:55 2004 :: Check Levels:
Thu Apr  1 00:23:55 2004 ::   Object: (VNUM  9215)(Level 16) elemental wand of fire
Thu Apr  1 00:23:55 2004 ::      Mob: (VNUM  9215)(Level  4) a flame
Thu Apr  1 00:23:55 2004 :: Check Levels:
Thu Apr  1 00:23:55 2004 ::   Object: (VNUM  9218)(Level 27) elemental wand of wind and air
Thu Apr  1 00:23:55 2004 ::      Mob: (VNUM  9218)(Level  4) a small spark
Thu Apr  1 00:23:55 2004 :: Check Levels:
Thu Apr  1 00:23:55 2004 ::   Object: (VNUM  9218)(Level 27) elemental wand of wind and air
Thu Apr  1 00:23:55 2004 ::      Mob: (VNUM  9225)(Level  2) an eddie
Thu Apr  1 00:23:55 2004 :: Check Levels:
Thu Apr  1 00:23:55 2004 ::   Object: (VNUM  8010)(Level  5) a wet noodle
Thu Apr  1 00:23:55 2004 ::      Mob: (VNUM  8002)(Level 17) a Futsie
Thu Apr  1 01:19:55 2004 :: Check Levels:
Thu Apr  1 01:19:55 2004 ::   Object: (VNUM  9218)(Level 27) elemental wand of wind and air
Thu Apr  1 01:19:55 2004 ::      Mob: (VNUM  9234)(Level 13) an alchemist
Thu Apr  1 01:19:55 2004 :: Check Levels:
Thu Apr  1 01:19:55 2004 ::   Object: (VNUM  9215)(Level 16) elemental wand of fire
Thu Apr  1 01:19:55 2004 ::      Mob: (VNUM  9215)(Level  4) a flame
Thu Apr  1 01:53:36 2004 :: Sock.sinaddr:  68.126.22.11
Thu Apr  1 01:53:45 2004 :: EOF encountered on read.
Thu Apr  1 03:56:27 2004 :: Sock.sinaddr:  4.155.81.189
Thu Apr  1 03:56:54 2004 :: Zeratul@dialup-4.155.81.189.Dial1.Baltimore1.Level3.net new player.
Thu Apr  1 03:57:09 2004 :: Zeratul has fled from KeggerMUD.
Thu Apr  1 05:01:19 2004 :: Sock.sinaddr:  172.203.58.116
Thu Apr  1 05:02:16 2004 :: Filrindosh@ACCB3A74.ipt.aol.com new player.
Thu Apr  1 05:09:30 2004 :: Filrindosh gained level 2!
Thu Apr  1 05:09:57 2004 :: Filrindosh gained level 3!
Thu Apr  1 05:10:54 2004 :: Filrindosh gained level 4!
Thu Apr  1 05:18:25 2004 :: Log Filrindosh: delete
Thu Apr  1 05:18:26 2004 :: Log Filrindosh: delete
Thu Apr  1 05:18:26 2004 :: Filrindosh has fled from KeggerMUD.
Thu Apr  1 05:18:35 2004 :: Sock.sinaddr:  172.203.58.116
Thu Apr  1 05:18:53 2004 :: Gizmo@ACCB3A74.ipt.aol.com new player.
Thu Apr  1 05:21:51 2004 :: Gizmo gained level 2!
Thu Apr  1 05:23:45 2004 :: Gizmo gained level 3!
Thu Apr  1 05:32:50 2004 :: Gizmo has fled from KeggerMUD.
Thu Apr  1 07:57:25 2004 :: Sock.sinaddr:  192.187.252.74
Read_from_descriptor: Connection reset by peer
Thu Apr  1 08:06:43 2004 :: Sock.sinaddr:  204.209.44.14
Thu Apr  1 08:06:43 2004 :: EOF encountered on read.
Thu Apr  1 10:44:17 2004 :: Sock.sinaddr:  4.242.186.79
Thu Apr  1 10:44:39 2004 :: EOF encountered on read.
Thu Apr  1 10:44:39 2004 :: Closing link to Illumina.
